2566-02-05 02:44:08,701 [INFO] Activator:177 - 


2566-02-05 02:44:08,703 [INFO] Activator:178 - !SESSION log4j initialized
2566-02-05 02:44:20,883 [INFO] McuFinderGlobals:39 - Set McuFinder mode to 2 (CubeIDE integrated)
2566-02-05 02:44:21,100 [INFO] ApplicationProperties:181 - Using Application install path: D:\ST\STM32CubeIDE_1.7.0\STM32CubeIDE\plugins\com.st.stm32cube.common.mx_6.3.0.202107141111
2566-02-05 02:44:21,110 [INFO] DbMcusXml:74 - Set database path to: D:\ST\STM32CubeIDE_1.7.0\STM32CubeIDE\plugins\com.st.stm32cube.common.mx_6.3.0.202107141111\\db\/mcu/
2566-02-05 02:44:21,113 [INFO] DbBoardsPdsc:56 - Set plugin database path to: D:\ST\STM32CubeIDE_1.7.0\STM32CubeIDE\plugins\com.st.stm32cube.common.mx_6.3.0.202107141111\\db\/plugins/boardmanager/
2566-02-05 02:44:21,114 [INFO] DbMcus:258 - Set plugin images path to: D:\ST\STM32CubeIDE_1.7.0\STM32CubeIDE\plugins\com.st.stm32cube.common.mx_6.3.0.202107141111\\db\/plugins/mcufinder/images/
2566-02-05 02:44:21,114 [INFO] DbBoards:264 - Set plugin images path to: D:\ST\STM32CubeIDE_1.7.0\STM32CubeIDE\plugins\com.st.stm32cube.common.mx_6.3.0.202107141111\\db\/plugins/mcufinder/images/
2566-02-05 02:44:21,116 [INFO] DbExamples:333 - Set plugin images path to: D:\ST\STM32CubeIDE_1.7.0\STM32CubeIDE\plugins\com.st.stm32cube.common.mx_6.3.0.202107141111\\db\/plugins/mcufinder/images/
2566-02-05 02:44:21,122 [INFO] DbMcusAds:119 - Set database path to: C:\Users\uSEr\.stmcufinder\plugins\mcufinder//mcu/
2566-02-05 02:44:21,123 [INFO] DbMcusDocs:110 - Set database path to: C:\Users\uSEr\.stmcufinder\plugins\mcufinder//mcu/
2566-02-05 02:44:21,125 [INFO] DbMcusJson:64 - Set database path to: C:\Users\uSEr\.stmcufinder\plugins\mcufinder//mcu/
2566-02-05 02:44:21,126 [INFO] DbBoardsDocs:110 - Set database path to: C:\Users\uSEr\.stmcufinder\plugins\mcufinder//mcu/
2566-02-05 02:44:21,127 [INFO] DbBoardsJson:57 - Set database path to: C:\Users\uSEr\.stmcufinder\plugins\mcufinder//mcu/
2566-02-05 02:44:21,135 [INFO] CrossReferenceDbSqlite:196 - Set database path to: C:\Users\uSEr\.stmcufinder\plugins\mcufinder//mcu/cs/
2566-02-05 02:44:21,138 [INFO] DbExamplesSqlite:767 - Set database path to: C:\Users\uSEr\.stmcufinder\plugins\mcufinder//mcu/
2566-02-05 02:44:21,229 [INFO] RulesReader:57 - Compatibility file has been processed (242 Rules)
2566-02-05 02:44:21,313 [INFO] DbMcusXml:74 - Set database path to: D:\ST\STM32CubeIDE_1.7.0\STM32CubeIDE\plugins\com.st.stm32cube.common.mx_6.3.0.202107141111\\db\/mcu/
2566-02-05 02:44:21,314 [INFO] DbBoardsPdsc:56 - Set plugin database path to: D:\ST\STM32CubeIDE_1.7.0\STM32CubeIDE\plugins\com.st.stm32cube.common.mx_6.3.0.202107141111\\db\/plugins/boardmanager/
2566-02-05 02:44:21,314 [INFO] DbMcus:258 - Set plugin images path to: D:\ST\STM32CubeIDE_1.7.0\STM32CubeIDE\plugins\com.st.stm32cube.common.mx_6.3.0.202107141111\\db\/plugins/mcufinder/images/
2566-02-05 02:44:21,314 [INFO] DbBoards:264 - Set plugin images path to: D:\ST\STM32CubeIDE_1.7.0\STM32CubeIDE\plugins\com.st.stm32cube.common.mx_6.3.0.202107141111\\db\/plugins/mcufinder/images/
2566-02-05 02:44:21,315 [INFO] DbExamples:333 - Set plugin images path to: D:\ST\STM32CubeIDE_1.7.0\STM32CubeIDE\plugins\com.st.stm32cube.common.mx_6.3.0.202107141111\\db\/plugins/mcufinder/images/
2566-02-05 02:44:21,315 [WARN] DbFile:35 - Overriding database path with different value: C:\Users\uSEr\.stmcufinder\plugins\mcufinder/ => C:\Users\uSEr\.stmcufinder\plugins\mcufinder
2566-02-05 02:44:21,315 [INFO] DbMcusAds:119 - Set database path to: C:\Users\uSEr\.stmcufinder\plugins\mcufinder//mcu/
2566-02-05 02:44:21,315 [WARN] DbFile:35 - Overriding database path with different value: C:\Users\uSEr\.stmcufinder\plugins\mcufinder/ => C:\Users\uSEr\.stmcufinder\plugins\mcufinder
2566-02-05 02:44:21,315 [INFO] DbMcusDocs:110 - Set database path to: C:\Users\uSEr\.stmcufinder\plugins\mcufinder//mcu/
2566-02-05 02:44:21,315 [WARN] DbFile:35 - Overriding database path with different value: C:\Users\uSEr\.stmcufinder\plugins\mcufinder/ => C:\Users\uSEr\.stmcufinder\plugins\mcufinder
2566-02-05 02:44:21,315 [INFO] DbMcusJson:64 - Set database path to: C:\Users\uSEr\.stmcufinder\plugins\mcufinder//mcu/
2566-02-05 02:44:21,316 [WARN] DbFile:35 - Overriding database path with different value: C:\Users\uSEr\.stmcufinder\plugins\mcufinder/ => C:\Users\uSEr\.stmcufinder\plugins\mcufinder
2566-02-05 02:44:21,316 [INFO] DbBoardsDocs:110 - Set database path to: C:\Users\uSEr\.stmcufinder\plugins\mcufinder//mcu/
2566-02-05 02:44:21,316 [WARN] DbFile:35 - Overriding database path with different value: C:\Users\uSEr\.stmcufinder\plugins\mcufinder/ => C:\Users\uSEr\.stmcufinder\plugins\mcufinder
2566-02-05 02:44:21,316 [INFO] DbBoardsJson:57 - Set database path to: C:\Users\uSEr\.stmcufinder\plugins\mcufinder//mcu/
2566-02-05 02:44:21,316 [WARN] DbFile:35 - Overriding database path with different value: C:\Users\uSEr\.stmcufinder\plugins\mcufinder/ => C:\Users\uSEr\.stmcufinder\plugins\mcufinder
2566-02-05 02:44:21,316 [WARN] DbFile:35 - Overriding database path with different value: C:\Users\uSEr\.stmcufinder\plugins\mcufinder/ => C:\Users\uSEr\.stmcufinder\plugins\mcufinder
2566-02-05 02:44:21,316 [INFO] CrossReferenceDbSqlite:196 - Set database path to: C:\Users\uSEr\.stmcufinder\plugins\mcufinder//mcu/cs/
2566-02-05 02:44:21,316 [WARN] DbFile:35 - Overriding database path with different value: C:\Users\uSEr\.stmcufinder\plugins\mcufinder/ => C:\Users\uSEr\.stmcufinder\plugins\mcufinder
2566-02-05 02:44:21,316 [INFO] DbExamplesSqlite:767 - Set database path to: C:\Users\uSEr\.stmcufinder\plugins\mcufinder//mcu/
2566-02-05 02:44:21,375 [INFO] MainPanel:214 - HeapMemory: 268435456
2566-02-05 02:44:21,437 [INFO] DbMcusXml:74 - Set database path to: D:\ST\STM32CubeIDE_1.7.0\STM32CubeIDE\plugins\com.st.stm32cube.common.mx_6.3.0.202107141111\\db\/mcu/
2566-02-05 02:44:21,437 [INFO] DbBoardsPdsc:56 - Set plugin database path to: D:\ST\STM32CubeIDE_1.7.0\STM32CubeIDE\plugins\com.st.stm32cube.common.mx_6.3.0.202107141111\\db\/plugins/boardmanager/
2566-02-05 02:44:21,437 [INFO] DbMcus:258 - Set plugin images path to: D:\ST\STM32CubeIDE_1.7.0\STM32CubeIDE\plugins\com.st.stm32cube.common.mx_6.3.0.202107141111\\db\/plugins/mcufinder/images/
2566-02-05 02:44:21,437 [INFO] DbBoards:264 - Set plugin images path to: D:\ST\STM32CubeIDE_1.7.0\STM32CubeIDE\plugins\com.st.stm32cube.common.mx_6.3.0.202107141111\\db\/plugins/mcufinder/images/
2566-02-05 02:44:21,438 [INFO] DbExamples:333 - Set plugin images path to: D:\ST\STM32CubeIDE_1.7.0\STM32CubeIDE\plugins\com.st.stm32cube.common.mx_6.3.0.202107141111\\db\/plugins/mcufinder/images/
2566-02-05 02:44:21,438 [WARN] DbFile:35 - Overriding database path with different value: C:\Users\uSEr\.stmcufinder\plugins\mcufinder/ => C:\Users\uSEr\.stmcufinder\plugins\mcufinder
2566-02-05 02:44:21,438 [INFO] DbMcusAds:119 - Set database path to: C:\Users\uSEr\.stmcufinder\plugins\mcufinder//mcu/
2566-02-05 02:44:21,438 [WARN] DbFile:35 - Overriding database path with different value: C:\Users\uSEr\.stmcufinder\plugins\mcufinder/ => C:\Users\uSEr\.stmcufinder\plugins\mcufinder
2566-02-05 02:44:21,438 [INFO] DbMcusDocs:110 - Set database path to: C:\Users\uSEr\.stmcufinder\plugins\mcufinder//mcu/
2566-02-05 02:44:21,438 [WARN] DbFile:35 - Overriding database path with different value: C:\Users\uSEr\.stmcufinder\plugins\mcufinder/ => C:\Users\uSEr\.stmcufinder\plugins\mcufinder
2566-02-05 02:44:21,438 [INFO] DbMcusJson:64 - Set database path to: C:\Users\uSEr\.stmcufinder\plugins\mcufinder//mcu/
2566-02-05 02:44:21,439 [WARN] DbFile:35 - Overriding database path with different value: C:\Users\uSEr\.stmcufinder\plugins\mcufinder/ => C:\Users\uSEr\.stmcufinder\plugins\mcufinder
2566-02-05 02:44:21,439 [INFO] DbBoardsDocs:110 - Set database path to: C:\Users\uSEr\.stmcufinder\plugins\mcufinder//mcu/
2566-02-05 02:44:21,439 [WARN] DbFile:35 - Overriding database path with different value: C:\Users\uSEr\.stmcufinder\plugins\mcufinder/ => C:\Users\uSEr\.stmcufinder\plugins\mcufinder
2566-02-05 02:44:21,439 [INFO] DbBoardsJson:57 - Set database path to: C:\Users\uSEr\.stmcufinder\plugins\mcufinder//mcu/
2566-02-05 02:44:21,439 [WARN] DbFile:35 - Overriding database path with different value: C:\Users\uSEr\.stmcufinder\plugins\mcufinder/ => C:\Users\uSEr\.stmcufinder\plugins\mcufinder
2566-02-05 02:44:21,439 [WARN] DbFile:35 - Overriding database path with different value: C:\Users\uSEr\.stmcufinder\plugins\mcufinder/ => C:\Users\uSEr\.stmcufinder\plugins\mcufinder
2566-02-05 02:44:21,439 [INFO] CrossReferenceDbSqlite:196 - Set database path to: C:\Users\uSEr\.stmcufinder\plugins\mcufinder//mcu/cs/
2566-02-05 02:44:21,439 [WARN] DbFile:35 - Overriding database path with different value: C:\Users\uSEr\.stmcufinder\plugins\mcufinder/ => C:\Users\uSEr\.stmcufinder\plugins\mcufinder
2566-02-05 02:44:21,439 [INFO] DbExamplesSqlite:767 - Set database path to: C:\Users\uSEr\.stmcufinder\plugins\mcufinder//mcu/
2566-02-05 02:44:21,456 [INFO] ApplicationProperties:181 - Using Application install path: D:\ST\STM32CubeIDE_1.7.0\STM32CubeIDE\plugins\com.st.stm32cube.common.mx_6.3.0.202107141111
2566-02-05 02:44:21,458 [INFO] PluginManage:188 - Search for loadable plugins [exclusion list=, ]
2566-02-05 02:44:21,459 [INFO] PluginManage:302 - Check plugin analytics
2566-02-05 02:44:21,609 [INFO] AnalyticsPlugin:257 - Accepted Software Licenses: 
2566-02-05 02:44:21,609 [INFO] AnalyticsPlugin:259 - Accepted CMSIS Pack Licenses: 
2566-02-05 02:44:21,609 [INFO] AnalyticsPlugin:261 - Accepted Firmware Licenses: 
2566-02-05 02:44:21,609 [INFO] PluginManage:352 - Loaded plugin analytics (category:tool,tabindex:-1)
2566-02-05 02:44:21,610 [INFO] PluginManage:302 - Check plugin clock
2566-02-05 02:44:21,620 [INFO] PluginManage:352 - Loaded plugin clock (category:base,tabindex:2)
2566-02-05 02:44:21,620 [INFO] PluginManage:302 - Check plugin ddr
2566-02-05 02:44:21,621 [INFO] PluginManage:352 - Loaded plugin ddr (category:tool,tabindex:6)
2566-02-05 02:44:21,622 [INFO] PluginManage:302 - Check plugin filemanager
2566-02-05 02:44:21,745 [INFO] PluginManage:352 - Loaded plugin filemanager (category:base,tabindex:10)
2566-02-05 02:44:21,746 [INFO] PluginManage:302 - Check plugin ipmanager
2566-02-05 02:44:21,753 [INFO] PluginManage:352 - Loaded plugin ipmanager (category:base,tabindex:5)
2566-02-05 02:44:21,753 [INFO] PluginManage:302 - Check plugin pinoutandconfiguration
2566-02-05 02:44:21,762 [INFO] PluginManage:352 - Loaded plugin pinoutandconfiguration (category:base,tabindex:1)
2566-02-05 02:44:21,762 [INFO] PluginManage:302 - Check plugin pinoutconfig
2566-02-05 02:44:21,786 [INFO] PluginManage:352 - Loaded plugin pinoutconfig (category:base,tabindex:0)
2566-02-05 02:44:21,787 [INFO] PluginManage:302 - Check plugin power
2566-02-05 02:44:21,795 [INFO] PluginManage:352 - Loaded plugin power (category:power,tabindex:4)
2566-02-05 02:44:21,795 [INFO] PluginManage:302 - Check plugin projectmanager
2566-02-05 02:44:21,810 [INFO] PluginManage:352 - Loaded plugin projectmanager (category:projectmanager,tabindex:3)
2566-02-05 02:44:21,810 [INFO] PluginManage:302 - Check plugin thirdparty
2566-02-05 02:44:21,924 [WARN] IntegrityCheckThread:78 - waiting for thirdparty lock release [integrity check]
2566-02-05 02:44:21,924 [INFO] PluginManage:352 - Loaded plugin thirdparty (category:base,tabindex:-1)
2566-02-05 02:44:21,924 [INFO] IntegrityCheckThread:80 - entering critical section [integrity check]
2566-02-05 02:44:21,924 [INFO] PluginManage:302 - Check plugin tools
2566-02-05 02:44:21,925 [INFO] ThirdPartyUpdaterWithRetryManager:66 - Updater plugin not ready yet. [1/15]
2566-02-05 02:44:21,926 [INFO] PluginManage:352 - Loaded plugin tools (category:base,tabindex:7)
2566-02-05 02:44:21,926 [INFO] PluginManage:302 - Check plugin tutovideos
2566-02-05 02:44:22,115 [INFO] PluginManage:352 - Loaded plugin tutovideos (category:base,tabindex:-1)
2566-02-05 02:44:22,115 [INFO] PluginManage:302 - Check plugin updater
2566-02-05 02:44:22,125 [INFO] PluginManage:352 - Loaded plugin updater (category:base,tabindex:12)
2566-02-05 02:44:22,125 [INFO] PluginManage:275 - PluginManage : Loaded plugins [13]
2566-02-05 02:44:22,279 [INFO] PinOutPanel:1463 - setPackage(No Configuration,No Configuration)
2566-02-05 02:44:22,366 [INFO] IPUIPlugin:74 - create IPUIPlugin
2566-02-05 02:44:22,366 [INFO] PluginManager:213 - loadIPPluginJar : add adc
2566-02-05 02:44:22,368 [INFO] IPUIPlugin:74 - create IPUIPlugin
2566-02-05 02:44:22,368 [INFO] PluginManager:213 - loadIPPluginJar : add aes
2566-02-05 02:44:22,370 [INFO] IPUIPlugin:74 - create IPUIPlugin
2566-02-05 02:44:22,371 [INFO] PluginManager:213 - loadIPPluginJar : add can
2566-02-05 02:44:22,372 [INFO] IPUIPlugin:74 - create IPUIPlugin
2566-02-05 02:44:22,372 [INFO] PluginManager:213 - loadIPPluginJar : add comp
2566-02-05 02:44:22,374 [INFO] IPUIPlugin:74 - create IPUIPlugin
2566-02-05 02:44:22,375 [INFO] PluginManager:213 - loadIPPluginJar : add cryp
2566-02-05 02:44:22,377 [INFO] IPUIPlugin:74 - create IPUIPlugin
2566-02-05 02:44:22,377 [INFO] PluginManager:213 - loadIPPluginJar : add dfsdm
2566-02-05 02:44:22,382 [INFO] IPUIPlugin:74 - create IPUIPlugin
2566-02-05 02:44:22,383 [INFO] PluginManager:213 - loadIPPluginJar : add dma
2566-02-05 02:44:22,385 [INFO] IPUIPlugin:74 - create IPUIPlugin
2566-02-05 02:44:22,385 [INFO] PluginManager:213 - loadIPPluginJar : add dma3
2566-02-05 02:44:22,387 [INFO] IPUIPlugin:74 - create IPUIPlugin
2566-02-05 02:44:22,387 [INFO] PluginManager:213 - loadIPPluginJar : add fatfs
2566-02-05 02:44:22,391 [INFO] IPUIPlugin:74 - create IPUIPlugin
2566-02-05 02:44:22,391 [INFO] PluginManager:213 - loadIPPluginJar : add fmc
2566-02-05 02:44:22,396 [INFO] IPUIPlugin:74 - create IPUIPlugin
2566-02-05 02:44:22,397 [INFO] PluginManager:213 - loadIPPluginJar : add freertos
2566-02-05 02:44:22,398 [INFO] IPUIPlugin:74 - create IPUIPlugin
2566-02-05 02:44:22,398 [INFO] PluginManager:213 - loadIPPluginJar : add genericplugin
2566-02-05 02:44:22,400 [INFO] IPUIPlugin:74 - create IPUIPlugin
2566-02-05 02:44:22,400 [INFO] PluginManager:213 - loadIPPluginJar : add gfxmmu
2566-02-05 02:44:22,405 [INFO] IPUIPlugin:74 - create IPUIPlugin
2566-02-05 02:44:22,405 [INFO] PluginManager:213 - loadIPPluginJar : add gic
2566-02-05 02:44:22,409 [INFO] IPUIPlugin:74 - create IPUIPlugin
2566-02-05 02:44:22,409 [INFO] PluginManager:213 - loadIPPluginJar : add gpio
2566-02-05 02:44:22,412 [INFO] IPUIPlugin:74 - create IPUIPlugin
2566-02-05 02:44:22,412 [INFO] PluginManager:213 - loadIPPluginJar : add gtzc
2566-02-05 02:44:22,414 [INFO] IPUIPlugin:74 - create IPUIPlugin
2566-02-05 02:44:22,414 [INFO] PluginManager:213 - loadIPPluginJar : add hash
2566-02-05 02:44:22,416 [INFO] IPUIPlugin:74 - create IPUIPlugin
2566-02-05 02:44:22,416 [INFO] PluginManager:213 - loadIPPluginJar : add i2c
2566-02-05 02:44:22,419 [INFO] IPUIPlugin:74 - create IPUIPlugin
2566-02-05 02:44:22,419 [INFO] PluginManager:213 - loadIPPluginJar : add i2s
2566-02-05 02:44:22,422 [INFO] IPUIPlugin:74 - create IPUIPlugin
2566-02-05 02:44:22,422 [INFO] PluginManager:213 - loadIPPluginJar : add ipddr
2566-02-05 02:44:22,428 [INFO] IPUIPlugin:74 - create IPUIPlugin
2566-02-05 02:44:22,428 [INFO] PluginManager:213 - loadIPPluginJar : add linkedlist
2566-02-05 02:44:22,431 [INFO] IPUIPlugin:74 - create IPUIPlugin
2566-02-05 02:44:22,431 [INFO] PluginManager:213 - loadIPPluginJar : add lorawan
2566-02-05 02:44:22,432 [INFO] IPUIPlugin:74 - create IPUIPlugin
2566-02-05 02:44:22,432 [INFO] PluginManager:213 - loadIPPluginJar : add ltdc
2566-02-05 02:44:22,435 [INFO] IPUIPlugin:74 - create IPUIPlugin
2566-02-05 02:44:22,435 [INFO] PluginManager:213 - loadIPPluginJar : add mdma
2566-02-05 02:44:22,438 [INFO] IPUIPlugin:74 - create IPUIPlugin
2566-02-05 02:44:22,438 [INFO] PluginManager:213 - loadIPPluginJar : add nvic
2566-02-05 02:44:22,441 [INFO] IPUIPlugin:74 - create IPUIPlugin
2566-02-05 02:44:22,441 [INFO] PluginManager:213 - loadIPPluginJar : add opamp
2566-02-05 02:44:22,444 [INFO] IPUIPlugin:74 - create IPUIPlugin
2566-02-05 02:44:22,444 [INFO] PluginManager:213 - loadIPPluginJar : add openamp
2566-02-05 02:44:22,446 [INFO] IPUIPlugin:74 - create IPUIPlugin
2566-02-05 02:44:22,447 [INFO] PluginManager:213 - loadIPPluginJar : add pdm2pcm
2566-02-05 02:44:22,452 [INFO] IPUIPlugin:74 - create IPUIPlugin
2566-02-05 02:44:22,455 [INFO] PluginManager:213 - loadIPPluginJar : add plateformsettings
2566-02-05 02:44:22,457 [INFO] IPUIPlugin:74 - create IPUIPlugin
2566-02-05 02:44:22,457 [INFO] PluginManager:213 - loadIPPluginJar : add quadspi
2566-02-05 02:44:22,460 [INFO] IPUIPlugin:74 - create IPUIPlugin
2566-02-05 02:44:22,460 [INFO] PluginManager:213 - loadIPPluginJar : add resmgrutility
2566-02-05 02:44:22,462 [INFO] IPUIPlugin:74 - create IPUIPlugin
2566-02-05 02:44:22,463 [INFO] PluginManager:213 - loadIPPluginJar : add sai
2566-02-05 02:44:22,465 [INFO] IPUIPlugin:74 - create IPUIPlugin
2566-02-05 02:44:22,465 [INFO] PluginManager:213 - loadIPPluginJar : add spi
2566-02-05 02:44:22,468 [INFO] IPUIPlugin:74 - create IPUIPlugin
2566-02-05 02:44:22,469 [INFO] PluginManager:213 - loadIPPluginJar : add stm32_wpan
2566-02-05 02:44:22,470 [INFO] IPUIPlugin:74 - create IPUIPlugin
2566-02-05 02:44:22,470 [INFO] PluginManager:213 - loadIPPluginJar : add tim
2566-02-05 02:44:22,473 [INFO] IPUIPlugin:74 - create IPUIPlugin
2566-02-05 02:44:22,474 [INFO] PluginManager:213 - loadIPPluginJar : add touchsensing
2566-02-05 02:44:22,475 [INFO] IPUIPlugin:74 - create IPUIPlugin
2566-02-05 02:44:22,475 [INFO] PluginManager:213 - loadIPPluginJar : add tracer_emb
2566-02-05 02:44:22,477 [INFO] IPUIPlugin:74 - create IPUIPlugin
2566-02-05 02:44:22,477 [INFO] PluginManager:213 - loadIPPluginJar : add ts
2566-02-05 02:44:22,478 [INFO] IPUIPlugin:74 - create IPUIPlugin
2566-02-05 02:44:22,479 [INFO] PluginManager:213 - loadIPPluginJar : add tsc
2566-02-05 02:44:22,480 [INFO] IPUIPlugin:74 - create IPUIPlugin
2566-02-05 02:44:22,480 [INFO] PluginManager:213 - loadIPPluginJar : add ucpd
2566-02-05 02:44:22,482 [INFO] IPUIPlugin:74 - create IPUIPlugin
2566-02-05 02:44:22,483 [INFO] PluginManager:213 - loadIPPluginJar : add usart
2566-02-05 02:44:22,485 [INFO] IPUIPlugin:74 - create IPUIPlugin
2566-02-05 02:44:22,485 [INFO] PluginManager:213 - loadIPPluginJar : add usbx
2566-02-05 02:44:22,752 [FATAL] Updater:294 - Updater called before beeing initialized
2566-02-05 02:44:22,850 [FATAL] Updater:294 - Updater called before beeing initialized
2566-02-05 02:44:22,854 [INFO] DbMcusAds:47 - JSON generation date=Wed Jan 18 21:17:18 ICT 2023 (1674051438939)
2566-02-05 02:44:22,854 [FATAL] Updater:294 - Updater called before beeing initialized
2566-02-05 02:44:22,888 [WARN] DetailPanel:314 - Failed to get advertising image, set to default
2566-02-05 02:44:23,002 [FATAL] Updater:294 - Updater called before beeing initialized
2566-02-05 02:44:23,004 [FATAL] Updater:294 - Updater called before beeing initialized
2566-02-05 02:44:23,004 [FATAL] Updater:294 - Updater called before beeing initialized
2566-02-05 02:44:23,004 [WARN] DetailPanel:314 - Failed to get advertising image, set to default
2566-02-05 02:44:23,006 [FATAL] Updater:294 - Updater called before beeing initialized
2566-02-05 02:44:23,054 [ERROR] Updater:1075 - MainUpdater not yet initialized. External WinMGr cannot be set.
2566-02-05 02:44:23,056 [INFO] Updater:1012 - Updater Version found : 6.3.0
2566-02-05 02:44:23,072 [INFO] ApplicationProperties:181 - Using Application install path: D:\ST\STM32CubeIDE_1.7.0\STM32CubeIDE\plugins\com.st.stm32cube.common.mx_6.3.0.202107141111
2566-02-05 02:44:23,244 [INFO] MainUpdater:2671 - connection check result : 10
2566-02-05 02:44:23,244 [INFO] MainUpdater:265 - Updater Check For Update Now.
2566-02-05 02:44:23,245 [INFO] MicroXplorer:478 - Change Database Version : DB.6.0.30
2566-02-05 02:44:23,401 [INFO] CheckServerUpdateThread:112 - End of CheckServer Thread
2566-02-05 02:44:23,462 [INFO] MainUpdater:2671 - connection check result : 10
2566-02-05 02:44:23,625 [INFO] McuFinderGlobals:52 - Set McuFinderConnectedMode to false
2566-02-05 02:44:23,702 [INFO] CrossSelectorPresenter:1330 - Cross Selector saved comparison directory: C:\Users\uSEr\.stmcufinder\plugins\mcufinder\mcu\cs_comparisons_mx
2566-02-05 02:44:23,706 [INFO] MultiScanPanel:197 - Auto-refresh data requested => check proxy status ongoing
2566-02-05 02:44:23,706 [INFO] MultiScanPanel:201 - Proxy status is invalid
2566-02-05 02:44:23,709 [INFO] FinderPluginLoader:87 - Searching for filters in installed packs
2566-02-05 02:44:23,710 [INFO] DbMcusXml:100 - Load MCU database from D:\ST\STM32CubeIDE_1.7.0\STM32CubeIDE\plugins\com.st.stm32cube.common.mx_6.3.0.202107141111\\db\/mcu/families.xml
2566-02-05 02:44:24,564 [INFO] DbMcusJson:93 - JSON generation date=Mon Jun 07 15:53:21 ICT 2021 (1623056001)
2566-02-05 02:44:25,110 [WARN] PackLoader:238 - Cannot read IP mode file for STMicroelectronics.X-CUBE-GNSS1.6.0.0
2566-02-05 02:44:25,151 [WARN] PackLoader:238 - Cannot read IP mode file for STMicroelectronics.X-CUBE-AZRTOS-F4.1.1.0
2566-02-05 02:44:25,195 [WARN] PackLoader:238 - Cannot read IP mode file for STMicroelectronics.X-CUBE-AZRTOS-F7.1.1.0
2566-02-05 02:44:25,205 [WARN] PackLoader:238 - Cannot read IP mode file for STMicroelectronics.X-CUBE-BLE1.6.2.4
2566-02-05 02:44:25,216 [WARN] PackLoader:238 - Cannot read IP mode file for emotas.I-CUBE-CANOPEN.1.1.3
2566-02-05 02:44:25,223 [WARN] PackLoader:238 - Cannot read IP mode file for STMicroelectronics.X-CUBE-NFC4.2.0.5
2566-02-05 02:44:25,229 [ERROR] Engine:463 - C:\Users\uSEr\.stm32cubemx\thirdparties\pdsc\STMicroelectronics.X-CUBE-DISPLAY.3.0.0.pdsc: PDSC version is not supported
2566-02-05 02:44:25,234 [WARN] PackLoader:238 - Cannot read IP mode file for wolfSSL.I-CUBE-wolfSSL.5.5.4
2566-02-05 02:44:25,240 [WARN] PackLoader:238 - Cannot read IP mode file for STMicroelectronics.X-CUBE-NFC7.1.0.0
2566-02-05 02:44:25,248 [WARN] PackLoader:238 - Cannot read IP mode file for STMicroelectronics.X-CUBE-EEPRMA1.4.1.0
2566-02-05 02:44:25,258 [WARN] PackLoader:238 - Cannot read IP mode file for STMicroelectronics.X-CUBE-SFXS2LP1.4.0.0
2566-02-05 02:44:25,258 [INFO] DbMcus:175 - Found 1951 MCUs (1903 are supported by CubeMX, 1903 are visible in CubeMX)
2566-02-05 02:44:25,259 [INFO] ApiDb:251 - Load user favorites file C:\Users\uSEr/.stm32cubeide/favorites.mcus.txt: 0 item(s)
2566-02-05 02:44:25,259 [INFO] ApiDb:255 - User favorites MCUs=[]
2566-02-05 02:44:25,259 [INFO] DbMcus:187 - Set 0 / 0 favorites MCUs
2566-02-05 02:44:25,265 [WARN] PackLoader:238 - Cannot read IP mode file for STMicroelectronics.X-CUBE-BLE2.3.3.0
2566-02-05 02:44:25,276 [WARN] PackLoader:238 - Cannot read IP mode file for STMicroelectronics.X-CUBE-DISPLAY.2.2.0
2566-02-05 02:44:25,292 [WARN] PackLoader:238 - Cannot read IP mode file for STMicroelectronics.X-CUBE-TOF1.3.2.0
2566-02-05 02:44:25,326 [WARN] PackLoader:238 - Cannot read IP mode file for STMicroelectronics.X-CUBE-AZRTOS-H7.3.0.0
2566-02-05 02:44:25,334 [WARN] PackLoader:238 - Cannot read IP mode file for STMicroelectronics.X-CUBE-ISPU.1.1.0
2566-02-05 02:44:25,344 [WARN] PackLoader:238 - Cannot read IP mode file for RoweBots.I-CUBE-UNISONRTOS.5.5.0-4
2566-02-05 02:44:25,349 [WARN] PackLoader:238 - Cannot read IP mode file for STMicroelectronics.X-CUBE-TOUCHGFX.4.21.1
2566-02-05 02:44:25,352 [WARN] PackLoader:238 - Cannot read IP mode file for STMicroelectronics.X-CUBE-TOUCHGFX.4.21.0
2566-02-05 02:44:25,401 [WARN] PackLoader:238 - Cannot read IP mode file for STMicroelectronics.X-CUBE-MEMS1.9.4.0
2566-02-05 02:44:25,651 [WARN] PackLoader:238 - Cannot read IP mode file for STMicroelectronics.X-CUBE-AI.7.3.0
2566-02-05 02:44:25,656 [WARN] PackLoader:238 - Cannot read IP mode file for STMicroelectronics.X-CUBE-ALGOBUILD.1.3.0
2566-02-05 02:44:25,676 [WARN] PackLoader:238 - Cannot read IP mode file for STMicroelectronics.X-CUBE-AZRTOS-L5.1.1.0
2566-02-05 02:44:25,697 [WARN] PackLoader:238 - Cannot read IP mode file for STMicroelectronics.X-CUBE-AZRTOS-G0.1.1.0
2566-02-05 02:44:25,712 [WARN] PackLoader:238 - Cannot read IP mode file for STMicroelectronics.X-CUBE-SUBG2.5.0.0
2566-02-05 02:44:25,723 [WARN] PackLoader:238 - Cannot read IP mode file for STMicroelectronics.X-CUBE-NFC4.3.0.0
2566-02-05 02:44:25,728 [WARN] PackLoader:238 - Cannot read IP mode file for STMicroelectronics.FP-ATR-ASTRA1.1.1.1
2566-02-05 02:44:25,736 [WARN] PackLoader:238 - Cannot read IP mode file for STMicroelectronics.X-CUBE-BLEMGR.1.3.0
2566-02-05 02:44:25,753 [WARN] PackLoader:238 - Cannot read IP mode file for STMicroelectronics.X-CUBE-AZRTOS-G4.1.0.0
2566-02-05 02:44:25,759 [WARN] PackLoader:238 - Cannot read IP mode file for STMicroelectronics.FP-ATR-SIGFOX1.3.2.0
2566-02-05 02:44:25,774 [INFO] DetailPanel:309 - Set advertising image to C:/Users/uSEr/STM32Cube/Repository/\en.prom-stm32c0-0123.jpg
2566-02-05 02:44:25,779 [WARN] PackLoader:238 - Cannot read IP mode file for STMicroelectronics.X-CUBE-AZRTOS-L4.1.0.0
2566-02-05 02:44:25,798 [WARN] PackLoader:238 - Cannot read IP mode file for STMicroelectronics.X-CUBE-AZRTOS-WL.1.0.0
2566-02-05 02:44:25,804 [WARN] PackLoader:238 - Cannot read IP mode file for portGmbH.I-Cube-SoM-uGOAL.1.1.0
2566-02-05 02:44:25,809 [WARN] PackLoader:238 - Cannot read IP mode file for STMicroelectronics.X-CUBE-ALS.1.0.1
2566-02-05 02:44:25,825 [WARN] PackLoader:238 - Cannot read IP mode file for STMicroelectronics.X-CUBE-AZRTOS-WB.1.1.0
2566-02-05 02:44:25,863 [WARN] PackLoader:238 - Cannot read IP mode file for SEGGER.I-CUBE-embOS.1.3.0
2566-02-05 02:44:25,908 [INFO] ThirdParty:915 - Integrity check success = true
2566-02-05 02:44:25,909 [INFO] IntegrityCheckThread:94 - exiting critical section [integrity check]
2566-02-05 02:44:25,909 [INFO] IntegrityCheckThread:97 - End integrity checks thread
2566-02-05 02:44:26,201 [INFO] DbBoardsPdsc:90 - Found 25 items
2566-02-05 02:44:26,203 [INFO] DbBoardsPdsc:90 - Found 9 items
2566-02-05 02:44:26,207 [INFO] DbBoardsPdsc:90 - Found 33 items
2566-02-05 02:44:26,208 [INFO] DbBoardsPdsc:90 - Found 1 items
2566-02-05 02:44:26,216 [INFO] DbBoardsPdsc:90 - Found 48 items
2566-02-05 02:44:26,224 [INFO] DbBoardsPdsc:90 - Found 43 items
2566-02-05 02:44:26,226 [INFO] DbBoardsPdsc:90 - Found 2 items
2566-02-05 02:44:26,227 [INFO] DbBoardsPdsc:90 - Found 5 items
2566-02-05 02:44:26,233 [WARN] DbBoardsPdsc:254 - Board STM32H7B3I-DK: unknown feature type=Audio, name=, username=Audio stereo codec with Headphone Amp (CS42L51-CNZ), n=1
2566-02-05 02:44:26,233 [WARN] DbBoardsPdsc:254 - Board STM32H735G-DK: unknown feature type=Audio, name=, username=Audio stereo codec with Headphone Amp (WM8994ECS/R), n=1
2566-02-05 02:44:26,236 [WARN] DbBoardsPdsc:254 - Board STM32H7B3I-EVAL: unknown feature type=Audio, name=, username=Multi-Channel Audio Codec (CS42L51-CNZ), n=1
2566-02-05 02:44:26,236 [WARN] DbBoardsPdsc:254 - Board STM32H7B3I-EVAL: unknown feature type=Meter, name=, username=Power-metering and Temperature-monitoring with sigma-delta modulators, n=1
2566-02-05 02:44:26,236 [WARN] DbBoardsPdsc:254 - Board STM32H7B3I-EVAL: unknown feature type=Motor, name=, username=Motor Control, n=1
2566-02-05 02:44:26,237 [WARN] DbBoardsPdsc:254 - Board STM32U575I-EV: unknown feature type=joystick, name=, username=4-direction joystick with selection button, n=1
2566-02-05 02:44:26,255 [INFO] DbBoardsJson:86 - JSON generation date=Tue Jun 01 12:52:40 ICT 2021 (1622526760)
2566-02-05 02:44:26,263 [INFO] DbBoards:117 - Found 166 boards (163 are supported by CubeMX)
2566-02-05 02:44:26,275 [INFO] DbBoardsDocs:143 - JSON generation date=Tue Jun 01 12:52:40 ICT 2021 (1622526760)
2566-02-05 02:44:26,296 [INFO] DbBoardsDocs:79 - Found 193 boards documents
2566-02-05 02:44:26,297 [WARN] DbBoards:127 - board B-L462E-CELL1 has no document id list !
2566-02-05 02:44:26,297 [WARN] DbBoards:127 - board B-L475E-IOT01A2 has no document id list !
2566-02-05 02:44:26,297 [WARN] DbBoards:127 - board B-U585I-IOT02A has no document id list !
2566-02-05 02:44:26,298 [WARN] DbBoards:127 - board NUCLEO-G0B1RE has no document id list !
2566-02-05 02:44:26,298 [WARN] DbBoards:127 - board NUCLEO-H743ZI has no document id list !
2566-02-05 02:44:26,299 [WARN] DbBoards:127 - board NUCLEO-L4A6ZG has no document id list !
2566-02-05 02:44:26,299 [WARN] DbBoards:127 - board NUCLEO-U575ZI-Q has no document id list !
2566-02-05 02:44:26,299 [WARN] DbBoards:127 - board NUCLEO-WB15CC has no document id list !
2566-02-05 02:44:26,300 [WARN] DbBoards:127 - board NUCLEO-WB55RG has no document id list !
2566-02-05 02:44:26,300 [WARN] DbBoards:127 - board NUCLEO-WL55JC2 has no document id list !
2566-02-05 02:44:26,300 [WARN] DbBoards:127 - board P-NUCLEO-WB55-Nucleo has no document id list !
2566-02-05 02:44:26,300 [WARN] DbBoards:127 - board P-NUCLEO-WB55-USBDongle has no document id list !
2566-02-05 02:44:26,300 [WARN] DbBoards:127 - board STEVAL-BFA001V1B has no document id list !
2566-02-05 02:44:26,300 [WARN] DbBoards:127 - board STEVAL-BFA001V2B has no document id list !
2566-02-05 02:44:26,300 [WARN] DbBoards:127 - board STEVAL-IDP005V1 has no document id list !
2566-02-05 02:44:26,300 [WARN] DbBoards:127 - board STEVAL-IDP005V2 has no document id list !
2566-02-05 02:44:26,300 [WARN] DbBoards:127 - board STEVAL-MKSBOX1V1 has no document id list !
2566-02-05 02:44:26,300 [WARN] DbBoards:127 - board STEVAL-STWINKT1 has no document id list !
2566-02-05 02:44:26,300 [WARN] DbBoards:127 - board STEVAL-STWINKT1B has no document id list !
2566-02-05 02:44:26,301 [WARN] DbBoards:127 - board STM32F401C-DISCO has no document id list !
2566-02-05 02:44:26,302 [WARN] DbBoards:127 - board STM32F769I-DISC1 has no document id list !
2566-02-05 02:44:26,302 [WARN] DbBoards:127 - board STM32G0C1E-EV has no document id list !
2566-02-05 02:44:26,302 [WARN] DbBoards:127 - board STM32G474E-EVAL1 has no document id list !
2566-02-05 02:44:26,302 [WARN] DbBoards:127 - board STM32H743I-EVAL2 has no document id list !
2566-02-05 02:44:26,303 [WARN] DbBoards:127 - board STM32H747I-DISC1 has no document id list !
2566-02-05 02:44:26,303 [WARN] DbBoards:127 - board STM32H753I-EVAL2 has no document id list !
2566-02-05 02:44:26,303 [WARN] DbBoards:127 - board STM32L-DISCOVERY has no document id list !
2566-02-05 02:44:26,304 [WARN] DbBoards:127 - board STM32MP157A-DK1 has no document id list !
2566-02-05 02:44:26,304 [WARN] DbBoards:127 - board STM32MP157D-DK1 has no document id list !
2566-02-05 02:44:26,304 [WARN] DbBoards:127 - board STM32MP157D-EV1 has no document id list !
2566-02-05 02:44:26,304 [WARN] DbBoards:127 - board STM32MP157F-DK2 has no document id list !
2566-02-05 02:44:26,304 [WARN] DbBoards:127 - board STM32MP157F-EV1 has no document id list !
2566-02-05 02:44:26,304 [WARN] DbBoards:127 - board STM32U575I-EV has no document id list !
2566-02-05 02:44:26,304 [WARN] DbBoards:127 - board STM32WB5MM-DK has no document id list !
2566-02-05 02:44:27,937 [INFO] ApiDb:251 - Load user favorites file C:\Users\uSEr/.stm32cubeide/favorites.boards.txt: 1 item(s)
2566-02-05 02:44:27,938 [INFO] ApiDb:255 - User favorites Boards=[NUCLEO-F411RE]
2566-02-05 02:44:27,938 [INFO] DbBoards:206 - Set 1 / 1 favorites Boards
2566-02-05 02:44:42,289 [INFO] MultiScanPanel:197 - Auto-refresh data requested => check proxy status ongoing
2566-02-05 02:44:42,289 [INFO] MultiScanPanel:201 - Proxy status is invalid
2566-02-05 02:44:42,339 [INFO] DetailPanel:309 - Set advertising image to C:/Users/uSEr/STM32Cube/Repository/\en.prom-stm32c0-0123.jpg
2566-02-05 02:45:20,249 [INFO] MainUpdater:2671 - connection check result : 10
2566-02-05 02:45:20,249 [INFO] MainUpdater:2671 - connection check result : 10
2566-02-05 02:45:20,289 [INFO] MicroXplorer:448 - Change Database Path : 
2566-02-05 02:45:20,289 [INFO] MicroXplorer:478 - Change Database Version : DB.6.0.30
2566-02-05 02:45:20,290 [WARN] ThirdParty:813 - waiting for thirdparty lock release [close project]
2566-02-05 02:45:20,290 [INFO] ThirdParty:815 - entering critical section [close project]
2566-02-05 02:45:20,291 [INFO] ThirdParty:825 - exiting critical section [close project]
2566-02-05 02:45:20,296 [INFO] PinOutPanel:1463 - setPackage(No Configuration,No Configuration)
2566-02-05 02:45:20,296 [INFO] UtilMem:74 - Begin LoadConfig() Used Memory: 458322032 Bytes (512753664)
2566-02-05 02:45:20,298 [INFO] OpenFileManager:313 - Change cursor
2566-02-05 02:45:21,762 [INFO] Context:592 - Trying to add GPIOservice into a context  which must be forbidden
2566-02-05 02:45:22,159 [INFO] Rule:220 - rule Rename SubGHz_Phy SUBGHZ_APPLICATION SUBGHZ_PINGPONG to SUBGHZ_ADV_APPLICATION is applicable
2566-02-05 02:45:22,159 [INFO] Rule:220 - rule Rename Enabled to IBEACON is applicable
2566-02-05 02:45:22,159 [INFO] Rule:220 - rule GTZC_S instance for project manager is applicable
2566-02-05 02:45:22,160 [INFO] Rule:220 - rule GTZC_S instance for context M33S is applicable
2566-02-05 02:45:22,160 [INFO] Rule:220 - rule GTZC_S instance value for IP GTZC is applicable
2566-02-05 02:45:22,160 [INFO] Rule:220 - rule GTZC_S instance for mcu.IP is applicable
2566-02-05 02:45:22,160 [INFO] Rule:220 - rule GTZC_S instance for VP is applicable
2566-02-05 02:45:22,160 [INFO] Rule:220 - rule GTZC_S instance for signal is applicable
2566-02-05 02:45:22,160 [INFO] Rule:220 - rule GTZC_S instance for mcu.Pin is applicable
2566-02-05 02:45:22,160 [INFO] Rule:220 - rule GTZC_S instance for VP is applicable
2566-02-05 02:45:22,160 [INFO] Rule:220 - rule GTZC_S instance for signal is applicable
2566-02-05 02:45:22,160 [INFO] Rule:220 - rule GTZC_S instance for mcu is applicable
2566-02-05 02:45:22,160 [INFO] Rule:220 - rule GTZC_S instance for mcu.Pin is applicable
2566-02-05 02:45:22,160 [INFO] Rule:220 - rule GTZC_S instance value for IP GTZC is applicable
2566-02-05 02:45:22,160 [INFO] Rule:220 - rule GTZC_S instance for project manager is applicable
2566-02-05 02:45:22,161 [INFO] Rule:220 - rule GTZC_S instance for context M33S is applicable
2566-02-05 02:45:22,161 [INFO] Rule:220 - rule GTZC_S instance for VP is applicable
2566-02-05 02:45:22,161 [INFO] Rule:220 - rule GTZC_S instance for signal is applicable
2566-02-05 02:45:22,161 [INFO] Rule:220 - rule SPDIFRX instance for mcu is applicable
2566-02-05 02:45:22,161 [INFO] Rule:220 - rule Rename Tracer Mode is applicable
2566-02-05 02:45:22,161 [INFO] Rule:220 - rule SPDIFRX instance value for IP SPDIFRX is applicable
2566-02-05 02:45:22,161 [INFO] Rule:220 - rule SPDIFRX instance for signal is applicable
2566-02-05 02:45:22,161 [INFO] Rule:220 - rule SPDIFRX instance for project manager is applicable
2566-02-05 02:45:22,161 [INFO] Rule:220 - rule SPDIFRX instance for project manager is applicable
2566-02-05 02:45:22,161 [INFO] Rule:220 - rule ADC Scan  fix with FW F7 is applicable
2566-02-05 02:45:22,161 [INFO] Rule:220 - rule ADC Scan  fix with FW F7 is applicable
2566-02-05 02:45:22,162 [INFO] Rule:220 - rule Add RTC Activate Clock Source is applicable
2566-02-05 02:45:22,162 [INFO] Rule:220 - rule Add RTC Activate Calendar 1 is applicable
2566-02-05 02:45:22,162 [INFO] Rule:220 - rule Add RTC Activate Calendar 2 is applicable
2566-02-05 02:45:22,162 [INFO] Rule:220 - rule Add RTC Activate Calendar 3 is applicable
2566-02-05 02:45:22,162 [INFO] Rule:220 - rule UART/USART TX Mode is applicable
2566-02-05 02:45:22,162 [INFO] Rule:220 - rule UART/USART RX Mode is applicable
2566-02-05 02:45:22,162 [INFO] Rule:220 - rule UART/USART RX TX Mode is applicable
2566-02-05 02:45:22,162 [INFO] Rule:220 - rule UART/USART PARITY NONE is applicable
2566-02-05 02:45:22,162 [INFO] Rule:220 - rule UART/USART PARITY EVEN is applicable
2566-02-05 02:45:22,162 [INFO] Rule:220 - rule UART/USART PARITY ODD is applicable
2566-02-05 02:45:22,162 [INFO] Rule:220 - rule USART StopBits 1 is applicable
2566-02-05 02:45:22,162 [INFO] Rule:220 - rule USART StopBits 2 is applicable
2566-02-05 02:45:22,163 [INFO] Rule:220 - rule USART StopBits 1.5 is applicable
2566-02-05 02:45:22,163 [INFO] Rule:220 - rule USART StopBits 0.5 is applicable
2566-02-05 02:45:22,163 [INFO] Rule:220 - rule UART/USART WORD LENGTH 7 is applicable
2566-02-05 02:45:22,163 [INFO] Rule:220 - rule UART/USART WORD LENGTH 8 is applicable
2566-02-05 02:45:22,163 [INFO] Rule:220 - rule UART/USART WORD LENGTH 9 is applicable
2566-02-05 02:45:22,163 [INFO] Rule:220 - rule Rename FMC NAND NCE signal is applicable
2566-02-05 02:45:22,163 [INFO] Rule:220 - rule Rename FMC NAND INT signal is applicable
2566-02-05 02:45:22,163 [INFO] Rule:220 - rule Change Default Value for ADC Clock Prescaler G0 family is applicable
2566-02-05 02:45:22,163 [INFO] Rule:220 - rule Change Default Value for ADC ExternalTrigConv L4 family is applicable
2566-02-05 02:45:22,163 [INFO] Rule:220 - rule Change Default Value for ADC ExternalTrigInjecConv L4 family is applicable
2566-02-05 02:45:22,163 [INFO] Rule:220 - rule Change Default Value for ADC ExternalTrigConv F3 family is applicable
2566-02-05 02:45:22,163 [INFO] Rule:220 - rule Change Default Value for ADC ExternalTrigInjecConv F3 family is applicable
2566-02-05 02:45:22,163 [INFO] Rule:220 - rule Change Default Value for ADC ExternalTrigConv Goldfish serie is applicable
2566-02-05 02:45:22,164 [INFO] Rule:220 - rule Change Default Value for ADC ExternalTrigInjecConv Goldfish serie is applicable
2566-02-05 02:45:22,164 [INFO] Rule:220 - rule Change Default Value for ADC ExternalTrigConv L0 family is applicable
2566-02-05 02:45:22,164 [INFO] Rule:220 - rule Change Default Value for ADC ExternalTrigConv F0 family is applicable
2566-02-05 02:45:22,164 [INFO] Rule:220 - rule Change Default Value for ADC ExternalTrigConvn L1 family is applicable
2566-02-05 02:45:22,164 [INFO] Rule:220 - rule Change Default Value for ADC ExternalTrigInjecConv L1 family is applicable
2566-02-05 02:45:22,164 [INFO] Rule:220 - rule Change Default Value for ADC ExternalTrigConv F1 family is applicable
2566-02-05 02:45:22,164 [INFO] Rule:220 - rule Change Default Value for ADC ExternalTrigInjecConv F1 family is applicable
2566-02-05 02:45:22,164 [INFO] Rule:220 - rule Change Default Value for ADC ExternalTrigConv F7 family is applicable
2566-02-05 02:45:22,164 [INFO] Rule:220 - rule Change Default Value for ADC ExternalTrigInjecConv F7 family is applicable
2566-02-05 02:45:22,164 [INFO] Rule:220 - rule Change Default Value for ADC ExternalTrigConv F4 and F2 family is applicable
2566-02-05 02:45:22,164 [INFO] Rule:220 - rule Change Default Value for ADC ExternalTrigInjecConv F4 and F2 family is applicable
2566-02-05 02:45:22,164 [INFO] Rule:220 - rule ADC SamplingTime fix with FW L0  is applicable
2566-02-05 02:45:22,164 [INFO] Rule:220 - rule ADC SamplingTime fix with FW L0  is applicable
2566-02-05 02:45:22,165 [INFO] Rule:220 - rule ADC SamplingTime fix with FW L0 is applicable
2566-02-05 02:45:22,165 [INFO] Rule:220 - rule ADC SamplingTime fix with FW L0 is applicable
2566-02-05 02:45:22,165 [INFO] Rule:220 - rule ADC SamplingTime fix with FW L0  is applicable
2566-02-05 02:45:22,165 [INFO] Rule:220 - rule ADC SamplingTime fix with FW L0 is applicable
2566-02-05 02:45:22,165 [INFO] Rule:220 - rule Rename USB_OE Signal is applicable
2566-02-05 02:45:22,165 [INFO] Rule:220 - rule Rename Activate_OE Mode is applicable
2566-02-05 02:45:22,165 [INFO] Rule:220 - rule Rename DIE462/DIE415 pin PC14/OSC32_IN -> PC14-OSC32_IN (PC14) is applicable
2566-02-05 02:45:22,165 [INFO] Rule:220 - rule Rename DIE462/DIE415 pin PC15/OSC32_OUT -> PC15-OSC32_OUT (PC15) is applicable
2566-02-05 02:45:22,165 [INFO] Rule:220 - rule Rename DIE462/DIE415 pin PH0/OSC_IN -> PH0-OSC_IN (PH0) is applicable
2566-02-05 02:45:22,165 [INFO] Rule:220 - rule Rename DIE462/DIE415 pin PH1/OSC_OUT -> PH1-OSC_OUT (PH1) is applicable
2566-02-05 02:45:22,165 [INFO] Rule:220 - rule Rename DIE462 pin PA13 -> PA13 (JTMS/SWDIO) is applicable
2566-02-05 02:45:22,165 [INFO] Rule:220 - rule Rename DIE415 pin PA13 -> PA13 (JTMS/SWDIO) is applicable
2566-02-05 02:45:22,165 [INFO] Rule:220 - rule Rename DIE462 pin PA14 -> PA14 (JTCK/SWCLK) is applicable
2566-02-05 02:45:22,166 [INFO] Rule:220 - rule Rename DIE415 pin PA14 -> PA14 (JTCK/SWCLK) is applicable
2566-02-05 02:45:22,166 [INFO] Rule:220 - rule Rename DIE462/DIE415 pin PA15 -> PA15 (JTDI) is applicable
2566-02-05 02:45:22,166 [INFO] Rule:220 - rule Rename DIE462 pin PB3 -> PB3 (JTD0/TRACESWO) is applicable
2566-02-05 02:45:22,166 [INFO] Rule:220 - rule Rename DIE415 pin PB3 -> PB3 (JTD0-TRACESWO) is applicable
2566-02-05 02:45:22,166 [INFO] Rule:220 - rule Rename DIE462/DIE415 pin PB4 -> PB4 (NJTRST) is applicable
2566-02-05 02:45:22,166 [INFO] Rule:220 - rule Rename DIE462 pin PH3/BOOT0 -> PH3-BOOT0 (BOOT0) is applicable
2566-02-05 02:45:22,166 [INFO] Rule:220 - rule Rename CRYP DataEncryptionTypesList to Algorithm is applicable
2566-02-05 02:45:22,166 [INFO] Rule:220 - rule Rename AES DataEncryptionTypesList to Algorithm is applicable
2566-02-05 02:45:22,166 [INFO] Rule:220 - rule Rename TDESECB to CRYP_TDES_ECB is applicable
2566-02-05 02:45:22,166 [INFO] Rule:220 - rule Rename TDESCBC to CRYP_TDES_CBC is applicable
2566-02-05 02:45:22,166 [INFO] Rule:220 - rule Rename DESECB to CRYP_DES_ECB is applicable
2566-02-05 02:45:22,166 [INFO] Rule:220 - rule Rename DESCBC to CRYP_DES_CBC is applicable
2566-02-05 02:45:22,166 [INFO] Rule:220 - rule Rename AESECB to CRYP_AES_ECB is applicable
2566-02-05 02:45:22,167 [INFO] Rule:220 - rule Rename AESCBC to CRYP_AES_CBC is applicable
2566-02-05 02:45:22,167 [INFO] Rule:220 - rule Rename AESCTR to CRYP_AES_CTR is applicable
2566-02-05 02:45:22,167 [INFO] Rule:220 - rule Rename AESGCM to CRYP_AES_GCM is applicable
2566-02-05 02:45:22,167 [INFO] Rule:220 - rule Rename AESCCM to CRYP_AES_CCM is applicable
2566-02-05 02:45:22,167 [INFO] Rule:220 - rule Rename CAN TimeSeg1 to BS1 is applicable
2566-02-05 02:45:22,167 [INFO] Rule:220 - rule Rename CAN TimeSeg2 to BS2 is applicable
2566-02-05 02:45:22,167 [INFO] Rule:220 - rule Rename CAN SyncJumpWidth to SJW is applicable
2566-02-05 02:45:22,167 [INFO] Rule:220 - rule TimeTriggeredMode to TTCM is applicable
2566-02-05 02:45:22,167 [INFO] Rule:220 - rule Rename CAN AutoBusOff to ABOM is applicable
2566-02-05 02:45:22,167 [INFO] Rule:220 - rule Rename CAN AutoWakeUp to AWUM is applicable
2566-02-05 02:45:22,167 [INFO] Rule:220 - rule Rename CAN AutoRetransmission to NART is applicable
2566-02-05 02:45:22,167 [INFO] Rule:220 - rule Rename CAN ReceiveFifoLocked to RFLM is applicable
2566-02-05 02:45:22,168 [INFO] Rule:220 - rule Rename CAN TransmitFifoPriority to TXFP is applicable
2566-02-05 02:45:22,168 [INFO] Rule:220 - rule Rename HRTIMER HRTIM_OUTPUTFAULTLEVEL_HIGH in HRTIMER HRTIM_OUTPUTFAULTLEVEL_HIGHZ is applicable
2566-02-05 02:45:22,168 [INFO] Rule:220 - rule Rename TIMER TIM_CLEARINPUTSOURCE_OCREFCLR in  TIMER TIM_CLEARINPUTSOURCE_NONE for F7 family is applicable
2566-02-05 02:45:22,168 [INFO] Rule:220 - rule FDCAN_R1 - Rename FDCAN mode Master into Classic is applicable
2566-02-05 02:45:22,168 [INFO] Rule:220 - rule FDCAN_R2 - Rename FDCAN mode Slave into Classic is applicable
2566-02-05 02:45:22,168 [INFO] Rule:220 - rule FDCAN1_R3 - if PA10.Mode=FullDuplex, add Pin PA12 is applicable
2566-02-05 02:45:22,168 [INFO] Rule:220 - rule FDCAN1_R3 - if PA9.Mode=FullDuplex, add Pin PA11 is applicable
2566-02-05 02:45:22,168 [INFO] Rule:220 - rule FDCAN1_R3 - Alternatepin_1 - if PE1.Mode=FullDuplex, add Pin PB9 is applicable
2566-02-05 02:45:22,168 [INFO] Rule:220 - rule FDCAN1_R3 - Alternatepin_1 - if PE0.Mode=FullDuplex, add Pin PB8 is applicable
2566-02-05 02:45:22,168 [INFO] Rule:220 - rule FDCAN1_R3 - Alternatepin_2 - if PD5.Mode=FullDuplex, add Pin PD1 is applicable
2566-02-05 02:45:22,168 [INFO] Rule:220 - rule FDCAN1_R3 - Alternatepin_2 - if PD4.Mode=FullDuplex, add Pin PD0 is applicable
2566-02-05 02:45:22,168 [INFO] Rule:220 - rule FDCAN1_R4 - Rename Mode FullDuplex into Enable FDCAN_TXFD for pin PA10 is applicable
2566-02-05 02:45:22,168 [INFO] Rule:220 - rule FDCAN1_R4 - Rename Mode FullDuplex into Enable FDCAN_TXFD for pin PA9 is applicable
2566-02-05 02:45:22,169 [INFO] Rule:220 - rule FDCAN1_R4 - Alternatepin_1 - Rename Mode FullDuplex into Enable FDCAN_TXFD for pin PE1 is applicable
2566-02-05 02:45:22,169 [INFO] Rule:220 - rule FDCAN1_R4 - Alternatepin_1 - Rename Mode FullDuplex into Enable FDCAN_TXFD for pin PE0 is applicable
2566-02-05 02:45:22,169 [INFO] Rule:220 - rule FDCAN1_R4 - Alternatepin_2 - Rename Mode FullDuplex into Enable FDCAN_TXFD for pin PD5 is applicable
2566-02-05 02:45:22,169 [INFO] Rule:220 - rule FDCAN1_R4 - Alternatepin_2 - Rename Mode FullDuplex into Enable FDCAN_TXFD for pin PD4 is applicable
2566-02-05 02:45:22,169 [INFO] Rule:220 - rule FDCAN2_R3 - if PD10.Mode=FullDuplex, add Pin PB13 is applicable
2566-02-05 02:45:22,169 [INFO] Rule:220 - rule FDCAN2_R3 - if PD9.Mode=FullDuplex, add Pin PB12 is applicable
2566-02-05 02:45:22,169 [INFO] Rule:220 - rule FDCAN2_R3 - Alternatepin_1 - if PB7.Mode=FullDuplex, add Pin PB6 is applicable
2566-02-05 02:45:22,169 [INFO] Rule:220 - rule FDCAN2_R3 - Alternatepin_1 - if PD9.Mode=FullDuplex, add Pin PB12 is applicable
2566-02-05 02:45:22,169 [INFO] Rule:220 - rule FDCAN2_R4 - Rename Mode FullDuplex into Enable FDCAN_TXFD for pin PD10 is applicable
2566-02-05 02:45:22,169 [INFO] Rule:220 - rule FDCAN2_R4 - Rename Mode FullDuplex into Enable FDCAN_TXFD for pin PD9 is applicable
2566-02-05 02:45:22,169 [INFO] Rule:220 - rule FDCAN2_R4 - Alternatepin_1 - Rename Mode FullDuplex into Enable FDCAN_TXFD for pin PB7 is applicable
2566-02-05 02:45:22,169 [INFO] Rule:220 - rule FDCAN2_R4 - Alternatepin_1 - Rename Mode FullDuplex into Enable FDCAN_TXFD for pin PD6 is applicable
2566-02-05 02:45:22,170 [INFO] Rule:220 - rule USART TxPinLevelInvertParam Mode is applicable
2566-02-05 02:45:22,170 [INFO] Rule:220 - rule USART RxPinLevelInvertParam Mode is applicable
2566-02-05 02:45:22,170 [INFO] Rule:220 - rule USART DataInvertParam Mode is applicable
2566-02-05 02:45:22,170 [INFO] Rule:220 - rule USART SwapParam Mode is applicable
2566-02-05 02:45:22,170 [INFO] Rule:220 - rule USART OverrunDisableParam Mode is applicable
2566-02-05 02:45:22,170 [INFO] Rule:220 - rule USART DMADisableonRxErrorParam Mode is applicable
2566-02-05 02:45:22,170 [INFO] Rule:220 - rule USART MSBFirstParam Mode is applicable
2566-02-05 02:45:22,170 [INFO] Rule:220 - rule Update MwName for USB_DEVICE is applicable
2566-02-05 02:45:22,170 [INFO] Rule:220 - rule Change PWR_Regulator_Voltage_Scale Default Value for RCC  H7 family is applicable
2566-02-05 02:45:22,170 [INFO] Rule:220 - rule UART/USART IPParameter rename Prescaler parameter to ClockPrescaler is applicable
2566-02-05 02:45:22,170 [INFO] Rule:220 - rule UART/USART Prescaler rename Prescaler parameter to ClockPrescaler is applicable
2566-02-05 02:45:22,171 [INFO] Rule:220 - rule TIM1CLockSelection is applicable
2566-02-05 02:45:22,171 [INFO] Rule:220 - rule TIM15CLockSelection is applicable
2566-02-05 02:45:22,171 [INFO] Rule:220 - rule align RCC SDMMC3CLockSelection default value on MP1 is applicable
2566-02-05 02:45:22,171 [INFO] Rule:220 - rule align RCC SDMMC12CLockSelection default value on MP1 is applicable
2566-02-05 02:45:22,171 [INFO] Rule:220 - rule align RCC QSPICLockSelection default value on MP1 is applicable
2566-02-05 02:45:22,171 [INFO] Rule:220 - rule align RCC QSPICLockSelection default value on MP1 is applicable
2566-02-05 02:45:22,171 [INFO] Rule:220 - rule align RCC SPI6CLockSelection default value on MP1 is applicable
2566-02-05 02:45:22,171 [INFO] Rule:220 - rule align RCC LPTIM23CLockSelection default value on MP1 is applicable
2566-02-05 02:45:22,171 [INFO] Rule:220 - rule align RCC LPTIM1CLockSelection default value on MP1 is applicable
2566-02-05 02:45:22,171 [INFO] Rule:220 - rule align RCC USART1CLockSelection default value on MP1 is applicable
2566-02-05 02:45:22,171 [INFO] Rule:220 - rule align RCC USART24CLockSelection default value on MP1 is applicable
2566-02-05 02:45:22,171 [INFO] Rule:220 - rule align RCC USART6CLockSelection default value on MP1 is applicable
2566-02-05 02:45:22,171 [INFO] Rule:220 - rule align RCC UART78CLockSelection default value on MP1 is applicable
2566-02-05 02:45:22,172 [INFO] Rule:220 - rule align RCC USART35CLockSelection default value on MP1 is applicable
2566-02-05 02:45:22,172 [INFO] Rule:220 - rule align RCC SPI45CLockSelection default value on MP1 is applicable
2566-02-05 02:45:22,172 [INFO] Rule:220 - rule align RCC I2C46CLockSelection BCLK value on MP1 is applicable
2566-02-05 02:45:22,172 [INFO] Rule:220 - rule align RCC SPI45CLockSelection default value on MP1 is applicable
2566-02-05 02:45:22,172 [INFO] Rule:220 - rule align RCC I2C12CLockSelection default value on MP1 is applicable
2566-02-05 02:45:22,172 [INFO] Rule:220 - rule align RCC I2C35CLockSelection default value on MP1 is applicable
2566-02-05 02:45:22,172 [INFO] Rule:220 - rule align RCC LPTIM45CLockSelection default value on MP1 is applicable
2566-02-05 02:45:22,172 [INFO] Rule:220 - rule Rename DCMI PIXCK signal is applicable
2566-02-05 02:45:22,172 [INFO] Rule:220 - rule Change Default Value for I2C46CLockSelection MP1 family is applicable
2566-02-05 02:45:22,172 [INFO] Rule:220 - rule Change Default Value for UART for G4, G0 and WB families is applicable
2566-02-05 02:45:22,172 [INFO] Rule:220 - rule Change Default Value for USART for G4, G0 and WB families is applicable
2566-02-05 02:45:22,172 [INFO] Rule:220 - rule Change Default Value for USART for G4 family is applicable
2566-02-05 02:45:22,173 [INFO] Rule:220 - rule Change USART1CLockSelection refparam name for MP1 is applicable
2566-02-05 02:45:22,173 [INFO] Rule:220 - rule Change USART2CLockSelection refparam name for MP1 is applicable
2566-02-05 02:45:22,173 [INFO] Rule:220 - rule Change USART3CLockSelection refparam name for MP1 is applicable
2566-02-05 02:45:22,173 [INFO] Rule:220 - rule Change UART4CLockSelection refparam name for MP1 is applicable
2566-02-05 02:45:22,173 [INFO] Rule:220 - rule Change UART5CLockSelection refparam name for MP1 is applicable
2566-02-05 02:45:22,173 [INFO] Rule:220 - rule Change LPUART1CLockSelection refparam name for MP1 is applicable
2566-02-05 02:45:22,173 [INFO] Rule:220 - rule Change LPTIM1CLockSelection refparam name for MP1 is applicable
2566-02-05 02:45:22,173 [INFO] Rule:220 - rule Change LPTIM2CLockSelection refparam name for MP1 is applicable
2566-02-05 02:45:22,173 [INFO] Rule:220 - rule Change RCC_MCO1Source refparam name for MP1 is applicable
2566-02-05 02:45:22,173 [INFO] Rule:220 - rule Change LSCOSource1 refparam name for MP1 is applicable
2566-02-05 02:45:22,173 [INFO] Rule:220 - rule Change SMPSCLockSelection refparam name for MP1 is applicable
2566-02-05 02:45:22,173 [INFO] Rule:220 - rule Change LPTIM3CLockSelection refparam name for MP1 is applicable
2566-02-05 02:45:22,173 [INFO] Rule:220 - rule Change MPCBB* Default Template Mode to Parameters is applicable
2566-02-05 02:45:22,174 [INFO] Rule:220 - rule Change MPCWM* or MPCBB* Secure Mode to Parameters is applicable
2566-02-05 02:45:22,174 [INFO] Rule:220 - rule Change MPCWM* or MPCBB* No Secure Mode to Parameters is applicable
2566-02-05 02:45:22,174 [INFO] Rule:220 - rule Change TZSC IP Secure Mode to Parameters is applicable
2566-02-05 02:45:22,174 [INFO] Rule:220 - rule Change TZSC IP No Secure Mode to Parameters is applicable
2566-02-05 02:45:22,174 [INFO] Rule:220 - rule Change TZSC IP Privilege Mode to Parameters is applicable
2566-02-05 02:45:22,174 [INFO] Rule:220 - rule Change TZSC IP No Privilege Mode to Parameters is applicable
2566-02-05 02:45:22,174 [INFO] Rule:220 - rule Change TZIC IT Secure Mode to Parameters is applicable
2566-02-05 02:45:22,174 [INFO] Rule:220 - rule Change TZIC IT No Secure Mode to Parameters is applicable
2566-02-05 02:45:22,174 [INFO] Rule:220 - rule Add MPCBB1_NonSecureArea_Start_Address value with referenced to MPCBB1_NonSecureArea_Start value is applicable
2566-02-05 02:45:22,174 [INFO] Rule:220 - rule Add MPCBB2_NonSecureArea_Start_Address value with referenced to MPCBB2_NonSecureArea_Start value is applicable
2566-02-05 02:45:22,174 [INFO] Rule:220 - rule Add MPCWM1_NonSecureArea*_Start_Address value with referenced to MPCWM1_NonSecureArea*_Start value is applicable
2566-02-05 02:45:22,174 [INFO] Rule:220 - rule Add MPCWM2_NonSecureArea*_Start_Address value with referenced to MPCWM2_NonSecureArea*_Start value is applicable
2566-02-05 02:45:22,174 [INFO] Rule:220 - rule Add MPCWM3_NonSecureArea_Start_Address value with referenced to MPCWM3_NonSecureArea_Start value is applicable
2566-02-05 02:45:22,175 [INFO] Rule:220 - rule Change Default Value for PLL1UserDefinedConfig is applicable
2566-02-05 02:45:22,175 [INFO] Rule:220 - rule Change GPIO_PuPd Default Value for USART in async mode is applicable
2566-02-05 02:45:22,175 [INFO] Rule:220 - rule Change SMPSDivider Default Value is applicable
2566-02-05 02:45:22,175 [INFO] Rule:220 - rule OPAMP is applicable
2566-02-05 02:45:22,175 [INFO] Rule:220 - rule LPUART IPParameter rename Prescaler parameter to ClockPrescaler for STM32H7 is applicable
2566-02-05 02:45:22,175 [INFO] Rule:220 - rule LPUART IPParameter rename Prescaler parameter to ClockPrescaler for STM32H7 is applicable
2566-02-05 02:45:22,175 [INFO] Rule:220 - rule LPUART IPParameter rename Prescaler parameter to ClockPrescaler for STM32WB is applicable
2566-02-05 02:45:22,175 [INFO] Rule:220 - rule LPUART IPParameter rename Prescaler parameter to ClockPrescaler for STM32WB is applicable
2566-02-05 02:45:22,175 [INFO] Rule:220 - rule LPUART IPParameter rename Prescaler parameter to ClockPrescaler for STM32G4 is applicable
2566-02-05 02:45:22,175 [INFO] Rule:220 - rule LPUART IPParameter rename Prescaler parameter to ClockPrescaler for STM32G4 is applicable
2566-02-05 02:45:22,175 [INFO] Rule:220 - rule LPUART IPParameter rename Prescaler parameter to ClockPrescaler for STM32L5 is applicable
2566-02-05 02:45:22,175 [INFO] Rule:220 - rule LPUART IPParameter rename Prescaler parameter to ClockPrescaler for STM32G4 is applicable
2566-02-05 02:45:22,176 [INFO] Rule:220 - rule LPUART IPParameter rename Prescaler parameter to ClockPrescaler for STM32G4 is applicable
2566-02-05 02:45:22,176 [INFO] Rule:220 - rule USB device lib V2.5.3 for L0 rename USBD_SUPPORT_USER_STRING parameter to USBD_SUPPORT_USER_STRING_DESC4 is applicable
2566-02-05 02:45:22,176 [INFO] Rule:220 - rule I2SCLockSelection clock entry align is applicable
2566-02-05 02:45:22,176 [INFO] Rule:220 - rule Assign TIMx context if used as SYS timebase is applicable
2566-02-05 02:45:22,176 [INFO] Rule:220 - rule Change GPIO_Pu Default Value for I2C is applicable
2566-02-05 02:45:22,176 [INFO] Rule:220 - rule Change GPIO_Pu Default Value for SMBus is applicable
2566-02-05 02:45:22,193 [INFO] DbConfProperties:300 - Apply Compatibility (48/207 Rules)
2566-02-05 02:45:22,226 [INFO] ImportTextPane:167 - (OptionalMessage_ERROR) Unable to find key (Mcu.ThirdPartyNb) in loaded IOC file
2566-02-05 02:45:22,296 [WARN] ApiManager:304 - Cannot register API 'Board Extension:GNSS1A1' from pack STMicroelectronics.X-CUBE-GNSS1.6.0.0: no header file found
2566-02-05 02:45:22,297 [WARN] ApiManager:304 - Cannot register API 'Board Support:Custom' from pack STMicroelectronics.X-CUBE-GNSS1.6.0.0: no header file found
2566-02-05 02:45:22,297 [WARN] ApiManager:304 - Cannot register API 'Data Exchange:lib_gnss' from pack STMicroelectronics.X-CUBE-GNSS1.6.0.0: no header file found
2566-02-05 02:45:22,553 [WARN] ApiManager:304 - Cannot register API 'Board Extension:IKS01A3' from pack STMicroelectronics.X-CUBE-MEMS1.9.4.0: no header file found
2566-02-05 02:45:22,554 [WARN] ApiManager:304 - Cannot register API 'Board Extension:IKS01A2' from pack STMicroelectronics.X-CUBE-MEMS1.9.4.0: no header file found
2566-02-05 02:45:22,554 [WARN] ApiManager:304 - Cannot register API 'Board Extension:IKS02A1' from pack STMicroelectronics.X-CUBE-MEMS1.9.4.0: no header file found
2566-02-05 02:45:22,564 [WARN] ApiManager:304 - Cannot register API 'Wireless:BlueNRG-MS' from pack STMicroelectronics.X-CUBE-BLE1.6.2.4: no header file found
2566-02-05 02:45:22,570 [INFO] RtosManager:484 - Registered RTOS mode: class=CMSIS, group=RTOS, mode=CMSIS_V1, owner=FREERTOS
2566-02-05 02:45:22,571 [INFO] RtosManager:484 - Registered RTOS mode: class=CMSIS, group=RTOS2, mode=CMSIS_V2, owner=FREERTOS
2566-02-05 02:45:22,571 [INFO] RtosManager:484 - Registered RTOS mode: class=RTOS, group=Core, mode=CMSIS_V1, owner=FREERTOS
2566-02-05 02:45:22,571 [INFO] RtosManager:484 - Registered RTOS mode: class=RTOS, group=Core, mode=CMSIS_V2, owner=FREERTOS
2566-02-05 02:45:22,571 [WARN] ModelIntegratedComponent:181 - Missing modes for component STMicroelectronics:FreeRTOS:0.0.1:STMicroelectronics:RTOS:FreeRTOS:Core:::10.2.0:
2566-02-05 02:45:22,577 [WARN] ApiManager:304 - Cannot register API 'Board Extension:S2868A1' from pack STMicroelectronics.X-CUBE-SUBG2.5.0.0: no header file found
2566-02-05 02:45:22,578 [WARN] ApiManager:304 - Cannot register API 'Board Extension:S2868A2' from pack STMicroelectronics.X-CUBE-SUBG2.5.0.0: no header file found
2566-02-05 02:45:22,578 [WARN] ApiManager:304 - Cannot register API 'Board Extension:S2915A1' from pack STMicroelectronics.X-CUBE-SUBG2.5.0.0: no header file found
2566-02-05 02:45:22,579 [WARN] ApiManager:304 - Cannot register API 'Board Extension:NFC04A1' from pack STMicroelectronics.X-CUBE-NFC4.3.0.0: no header file found
2566-02-05 02:45:22,580 [WARN] ApiManager:304 - Cannot register API 'Board Extension:NFC04A1' from pack STMicroelectronics.X-CUBE-NFC4.2.0.5: no header file found
2566-02-05 02:45:22,581 [WARN] ModelIntegratedComponent:179 - Modes not found for component STMicroelectronics:USB_HOST:1.0.0:STMicroelectronics:USB::USB Host:Audio HS::1.0:USB_HOST_1_0_RESTRICTED_HS
2566-02-05 02:45:22,581 [WARN] ModelIntegratedComponent:185 - Modes not found for component STMicroelectronics:USB_HOST:1.0.0:STMicroelectronics:USB::USB Host:Audio HS::1.0:USB_HOST_1_0_RESTRICTED_HS
2566-02-05 02:45:22,581 [WARN] ModelIntegratedComponent:179 - Modes not found for component STMicroelectronics:USB_HOST:1.0.0:STMicroelectronics:USB::USB Host:CDC HS::1.0:USB_HOST_1_0_RESTRICTED_HS
2566-02-05 02:45:22,581 [WARN] ModelIntegratedComponent:185 - Modes not found for component STMicroelectronics:USB_HOST:1.0.0:STMicroelectronics:USB::USB Host:CDC HS::1.0:USB_HOST_1_0_RESTRICTED_HS
2566-02-05 02:45:22,581 [WARN] ModelIntegratedComponent:179 - Modes not found for component STMicroelectronics:USB_HOST:1.0.0:STMicroelectronics:USB::USB Host:MSC HS::1.0:USB_HOST_1_0_RESTRICTED_HS
2566-02-05 02:45:22,581 [WARN] ModelIntegratedComponent:185 - Modes not found for component STMicroelectronics:USB_HOST:1.0.0:STMicroelectronics:USB::USB Host:MSC HS::1.0:USB_HOST_1_0_RESTRICTED_HS
2566-02-05 02:45:22,581 [WARN] ModelIntegratedComponent:179 - Modes not found for component STMicroelectronics:USB_HOST:1.0.0:STMicroelectronics:USB::USB Host:HID HS::1.0:USB_HOST_1_0_RESTRICTED_HS
2566-02-05 02:45:22,581 [WARN] ModelIntegratedComponent:185 - Modes not found for component STMicroelectronics:USB_HOST:1.0.0:STMicroelectronics:USB::USB Host:HID HS::1.0:USB_HOST_1_0_RESTRICTED_HS
2566-02-05 02:45:22,581 [WARN] ModelIntegratedComponent:179 - Modes not found for component STMicroelectronics:USB_HOST:1.0.0:STMicroelectronics:USB::USB Host:MTP HS::1.0:USB_HOST_1_0_RESTRICTED_HS
2566-02-05 02:45:22,581 [WARN] ModelIntegratedComponent:185 - Modes not found for component STMicroelectronics:USB_HOST:1.0.0:STMicroelectronics:USB::USB Host:MTP HS::1.0:USB_HOST_1_0_RESTRICTED_HS
2566-02-05 02:45:22,586 [WARN] ModelIntegratedComponent:60 - No mode defined for component null
2566-02-05 02:45:22,587 [WARN] ModelIntegratedComponent:60 - No mode defined for component null
2566-02-05 02:45:22,587 [WARN] ModelIntegratedComponent:60 - No mode defined for component null
2566-02-05 02:45:22,587 [WARN] ModelIntegratedComponent:60 - No mode defined for component null
2566-02-05 02:45:22,587 [WARN] ModelIntegratedComponent:60 - No mode defined for component null
2566-02-05 02:45:22,587 [WARN] ModelIntegratedComponent:60 - No mode defined for component null
2566-02-05 02:45:22,587 [WARN] ModelIntegratedComponent:60 - No mode defined for component null
2566-02-05 02:45:22,587 [WARN] ModelIntegratedComponent:60 - No mode defined for component null
2566-02-05 02:45:22,587 [WARN] ModelIntegratedComponent:60 - No mode defined for component null
2566-02-05 02:45:22,587 [WARN] ModelIntegratedComponent:60 - No mode defined for component null
2566-02-05 02:45:22,587 [WARN] ModelIntegratedComponent:60 - No mode defined for component null
2566-02-05 02:45:22,587 [WARN] ModelIntegratedComponent:60 - No mode defined for component null
2566-02-05 02:45:22,588 [WARN] ModelIntegratedComponent:60 - No mode defined for component null
2566-02-05 02:45:22,588 [WARN] ModelIntegratedComponent:60 - No mode defined for component null
2566-02-05 02:45:22,588 [WARN] ModelIntegratedComponent:60 - No mode defined for component null
2566-02-05 02:45:22,588 [WARN] ModelIntegratedComponent:60 - No mode defined for component null
2566-02-05 02:45:22,588 [WARN] ModelIntegratedComponent:60 - No mode defined for component null
2566-02-05 02:45:22,588 [WARN] ModelIntegratedComponent:60 - No mode defined for component null
2566-02-05 02:45:22,588 [WARN] ModelIntegratedComponent:60 - No mode defined for component null
2566-02-05 02:45:22,588 [WARN] ModelIntegratedComponent:60 - No mode defined for component null
2566-02-05 02:45:22,588 [WARN] ModelIntegratedComponent:60 - No mode defined for component null
2566-02-05 02:45:22,588 [WARN] ModelIntegratedComponent:60 - No mode defined for component null
2566-02-05 02:45:22,588 [WARN] ModelIntegratedComponent:60 - No mode defined for component null
2566-02-05 02:45:22,588 [WARN] ModelIntegratedComponent:60 - No mode defined for component null
2566-02-05 02:45:22,589 [WARN] ModelIntegratedComponent:60 - No mode defined for component null
2566-02-05 02:45:22,589 [WARN] ModelIntegratedComponent:60 - No mode defined for component null
2566-02-05 02:45:22,589 [WARN] ModelIntegratedComponent:60 - No mode defined for component null
2566-02-05 02:45:22,589 [WARN] ModelIntegratedComponent:60 - No mode defined for component null
2566-02-05 02:45:22,589 [WARN] ModelIntegratedComponent:60 - No mode defined for component null
2566-02-05 02:45:22,589 [WARN] ModelIntegratedComponent:60 - No mode defined for component null
2566-02-05 02:45:22,589 [WARN] ModelIntegratedComponent:60 - No mode defined for component null
2566-02-05 02:45:22,590 [WARN] ApiManager:304 - Cannot register API 'Board Extension:NFC07A1' from pack STMicroelectronics.X-CUBE-NFC7.1.0.0: no header file found
2566-02-05 02:45:22,592 [WARN] ApiManager:304 - Cannot register API 'Board Extension:EEPRMA1' from pack STMicroelectronics.X-CUBE-EEPRMA1.4.1.0: no header file found
2566-02-05 02:45:22,592 [WARN] ApiManager:304 - Cannot register API 'Board Extension:EEPRMA2' from pack STMicroelectronics.X-CUBE-EEPRMA1.4.1.0: no header file found
2566-02-05 02:45:22,592 [WARN] ApiManager:304 - Cannot register API 'Board Extension:PGEEZ1' from pack STMicroelectronics.X-CUBE-EEPRMA1.4.1.0: no header file found
2566-02-05 02:45:22,592 [WARN] ApiManager:304 - Cannot register API 'Board Part:M24' from pack STMicroelectronics.X-CUBE-EEPRMA1.4.1.0: no header file found
2566-02-05 02:45:22,592 [WARN] ApiManager:304 - Cannot register API 'Board Part:M95' from pack STMicroelectronics.X-CUBE-EEPRMA1.4.1.0: no header file found
2566-02-05 02:45:22,592 [WARN] ApiManager:304 - Cannot register API 'Board Part:M95P32' from pack STMicroelectronics.X-CUBE-EEPRMA1.4.1.0: no header file found
2566-02-05 02:45:22,592 [WARN] ApiManager:304 - Cannot register API 'PGEEZ1:SPI' from pack STMicroelectronics.X-CUBE-EEPRMA1.4.1.0: no header file found
2566-02-05 02:45:22,593 [WARN] ApiManager:304 - Cannot register API 'PGEEZ1:QDSPI' from pack STMicroelectronics.X-CUBE-EEPRMA1.4.1.0: no header file found
2566-02-05 02:45:22,595 [WARN] ModelIntegratedComponent:179 - Modes not found for component STMicroelectronics:USB_DEVICE:1.0.0:STMicroelectronics:USB::USB Device:Audio HS::1.0:USB_DEVICE_1_0_RESTRICTED_HS
2566-02-05 02:45:22,595 [WARN] ModelIntegratedComponent:185 - Modes not found for component STMicroelectronics:USB_DEVICE:1.0.0:STMicroelectronics:USB::USB Device:Audio HS::1.0:USB_DEVICE_1_0_RESTRICTED_HS
2566-02-05 02:45:22,595 [WARN] ModelIntegratedComponent:179 - Modes not found for component STMicroelectronics:USB_DEVICE:1.0.0:STMicroelectronics:USB::USB Device:CDC HS::1.0:USB_DEVICE_1_0_RESTRICTED_HS
2566-02-05 02:45:22,595 [WARN] ModelIntegratedComponent:185 - Modes not found for component STMicroelectronics:USB_DEVICE:1.0.0:STMicroelectronics:USB::USB Device:CDC HS::1.0:USB_DEVICE_1_0_RESTRICTED_HS
2566-02-05 02:45:22,595 [WARN] ModelIntegratedComponent:179 - Modes not found for component STMicroelectronics:USB_DEVICE:1.0.0:STMicroelectronics:USB::USB Device:DFU HS::1.0:USB_DEVICE_1_0_RESTRICTED_HS
2566-02-05 02:45:22,595 [WARN] ModelIntegratedComponent:185 - Modes not found for component STMicroelectronics:USB_DEVICE:1.0.0:STMicroelectronics:USB::USB Device:DFU HS::1.0:USB_DEVICE_1_0_RESTRICTED_HS
2566-02-05 02:45:22,595 [WARN] ModelIntegratedComponent:179 - Modes not found for component STMicroelectronics:USB_DEVICE:1.0.0:STMicroelectronics:USB::USB Device:HID HS::1.0:USB_DEVICE_1_0_RESTRICTED_HS
2566-02-05 02:45:22,595 [WARN] ModelIntegratedComponent:185 - Modes not found for component STMicroelectronics:USB_DEVICE:1.0.0:STMicroelectronics:USB::USB Device:HID HS::1.0:USB_DEVICE_1_0_RESTRICTED_HS
2566-02-05 02:45:22,596 [WARN] ModelIntegratedComponent:179 - Modes not found for component STMicroelectronics:USB_DEVICE:1.0.0:STMicroelectronics:USB::USB Device:Custom HID HS::1.0:USB_DEVICE_1_0_RESTRICTED_HS
2566-02-05 02:45:22,596 [WARN] ModelIntegratedComponent:185 - Modes not found for component STMicroelectronics:USB_DEVICE:1.0.0:STMicroelectronics:USB::USB Device:Custom HID HS::1.0:USB_DEVICE_1_0_RESTRICTED_HS
2566-02-05 02:45:22,596 [WARN] ModelIntegratedComponent:179 - Modes not found for component STMicroelectronics:USB_DEVICE:1.0.0:STMicroelectronics:USB::USB Device:MSC HS::1.0:USB_DEVICE_1_0_RESTRICTED_HS
2566-02-05 02:45:22,596 [WARN] ModelIntegratedComponent:185 - Modes not found for component STMicroelectronics:USB_DEVICE:1.0.0:STMicroelectronics:USB::USB Device:MSC HS::1.0:USB_DEVICE_1_0_RESTRICTED_HS
2566-02-05 02:45:22,601 [WARN] ApiManager:304 - Cannot register API 'Board Extension:S2868A1' from pack STMicroelectronics.X-CUBE-SFXS2LP1.4.0.0: no header file found
2566-02-05 02:45:22,602 [WARN] ApiManager:304 - Cannot register API 'Board Extension:S2868A2' from pack STMicroelectronics.X-CUBE-SFXS2LP1.4.0.0: no header file found
2566-02-05 02:45:22,602 [WARN] ApiManager:304 - Cannot register API 'Board Extension:S2915A1' from pack STMicroelectronics.X-CUBE-SFXS2LP1.4.0.0: no header file found
2566-02-05 02:45:22,602 [WARN] ApiManager:304 - Cannot register API 'Wireless:BlueNRG-2' from pack STMicroelectronics.X-CUBE-BLE2.3.3.0: no header file found
2566-02-05 02:45:24,572 [INFO] ImportTextPane:167 - (OptionalMessage_ERROR) IP (RCC) : Parameter (48MHZClocksFreq_Value) has invalid value (84000000)
2566-02-05 02:45:24,574 [INFO] ImportTextPane:167 - (OptionalMessage_ERROR) IP (RCC) : Parameter (FLatency) has Id (AdvancedSettings) currently not set
2566-02-05 02:45:24,575 [INFO] ImportTextPane:167 - (OptionalMessage_ERROR) IP (RCC) : Parameter (RTCHSEDivFreq_Value) has invalid value (4000000)
2566-02-05 02:45:24,752 [INFO] UtilMem:74 - End LoadConfig() Used Memory: 521856016 Bytes (683671552)
2566-02-05 02:45:24,754 [WARN] ThirdParty:779 - waiting for thirdparty lock release [change project]
2566-02-05 02:45:24,754 [INFO] ThirdParty:781 - entering critical section [change project]
2566-02-05 02:45:24,754 [INFO] ThirdParty:967 - CMSIS Pack Vendor :STMicroelectronics X-CUBE-ISPU 1.1.0
2566-02-05 02:45:24,754 [INFO] ThirdParty:967 - CMSIS Pack Vendor :RoweBots I-CUBE-UNISONRTOS 5.5.0-4
2566-02-05 02:45:24,754 [INFO] ThirdParty:967 - CMSIS Pack Vendor :STMicroelectronics X-CUBE-GNSS1 6.0.0
2566-02-05 02:45:24,754 [INFO] ThirdParty:967 - CMSIS Pack Vendor :STMicroelectronics USB_HOST 2.0.0
2566-02-05 02:45:24,754 [INFO] ThirdParty:967 - CMSIS Pack Vendor :STMicroelectronics X-CUBE-AZRTOS-F4 1.1.0
2566-02-05 02:45:24,754 [INFO] ThirdParty:967 - CMSIS Pack Vendor :STMicroelectronics USB_DEVICE 3.0.0
2566-02-05 02:45:24,754 [INFO] ThirdParty:967 - CMSIS Pack Vendor :STMicroelectronics X-CUBE-TOUCHGFX 4.21.1
2566-02-05 02:45:24,754 [INFO] ThirdParty:967 - CMSIS Pack Vendor :STMicroelectronics X-CUBE-TOUCHGFX 4.21.0
2566-02-05 02:45:24,755 [INFO] ThirdParty:967 - CMSIS Pack Vendor :STMicroelectronics X-CUBE-AZRTOS-F7 1.1.0
2566-02-05 02:45:24,755 [INFO] ThirdParty:967 - CMSIS Pack Vendor :STMicroelectronics X-CUBE-MEMS1 9.4.0
2566-02-05 02:45:24,755 [INFO] ThirdParty:967 - CMSIS Pack Vendor :STMicroelectronics USB_DEVICE 2.0.0
2566-02-05 02:45:24,755 [INFO] ThirdParty:967 - CMSIS Pack Vendor :STMicroelectronics X-CUBE-AI 7.3.0
2566-02-05 02:45:24,755 [INFO] ThirdParty:967 - CMSIS Pack Vendor :STMicroelectronics X-CUBE-ALGOBUILD 1.3.0
2566-02-05 02:45:24,755 [INFO] ThirdParty:967 - CMSIS Pack Vendor :STMicroelectronics X-CUBE-BLE1 6.2.4
2566-02-05 02:45:24,755 [INFO] ThirdParty:967 - CMSIS Pack Vendor :STMicroelectronics X-CUBE-AZRTOS-L5 1.1.0
2566-02-05 02:45:24,755 [INFO] ThirdParty:967 - CMSIS Pack Vendor :STMicroelectronics FreeRTOS 0.0.1
2566-02-05 02:45:24,755 [INFO] ThirdParty:967 - CMSIS Pack Vendor :emotas I-CUBE-CANOPEN 1.1.3
2566-02-05 02:45:24,755 [INFO] ThirdParty:967 - CMSIS Pack Vendor :STMicroelectronics X-CUBE-AZRTOS-G0 1.1.0
2566-02-05 02:45:24,755 [INFO] ThirdParty:967 - CMSIS Pack Vendor :STMicroelectronics X-CUBE-SUBG2 5.0.0
2566-02-05 02:45:24,755 [INFO] ThirdParty:967 - CMSIS Pack Vendor :STMicroelectronics X-CUBE-NFC4 3.0.0
2566-02-05 02:45:24,755 [INFO] ThirdParty:967 - CMSIS Pack Vendor :STMicroelectronics lwIP 2.0.3
2566-02-05 02:45:24,756 [INFO] ThirdParty:967 - CMSIS Pack Vendor :STMicroelectronics X-CUBE-NFC4 2.0.5
2566-02-05 02:45:24,756 [INFO] ThirdParty:967 - CMSIS Pack Vendor :STMicroelectronics USB_HOST 1.0.0
2566-02-05 02:45:24,756 [INFO] ThirdParty:967 - CMSIS Pack Vendor :STMicroelectronics PDM2PCM 3.1.0
2566-02-05 02:45:24,756 [INFO] ThirdParty:967 - CMSIS Pack Vendor :STMicroelectronics FP-ATR-ASTRA1 1.1.1
2566-02-05 02:45:24,756 [INFO] ThirdParty:967 - CMSIS Pack Vendor :STMicroelectronics PDM2PCM 3.3.0
2566-02-05 02:45:24,756 [INFO] ThirdParty:967 - CMSIS Pack Vendor :STMicroelectronics X-CUBE-BLEMGR 1.3.0
2566-02-05 02:45:24,756 [INFO] ThirdParty:967 - CMSIS Pack Vendor :STMicroelectronics X-CUBE-AZRTOS-G4 1.0.0
2566-02-05 02:45:24,756 [INFO] ThirdParty:967 - CMSIS Pack Vendor :STMicroelectronics FP-ATR-SIGFOX1 3.2.0
2566-02-05 02:45:24,756 [INFO] ThirdParty:967 - CMSIS Pack Vendor :wolfSSL I-CUBE-wolfSSL 5.5.4
2566-02-05 02:45:24,756 [INFO] ThirdParty:967 - CMSIS Pack Vendor :STMicroelectronics X-CUBE-AZRTOS-L4 1.0.0
2566-02-05 02:45:24,756 [INFO] ThirdParty:967 - CMSIS Pack Vendor :STMicroelectronics HAL Drivers 0.0.0
2566-02-05 02:45:24,756 [INFO] ThirdParty:967 - CMSIS Pack Vendor :STMicroelectronics MBEDTLS 2.16.2
2566-02-05 02:45:24,756 [INFO] ThirdParty:967 - CMSIS Pack Vendor :STMicroelectronics MBEDTLS 2.14.1
2566-02-05 02:45:24,756 [INFO] ThirdParty:967 - CMSIS Pack Vendor :STMicroelectronics X-CUBE-NFC7 1.0.0
2566-02-05 02:45:24,756 [INFO] ThirdParty:967 - CMSIS Pack Vendor :STMicroelectronics X-CUBE-AZRTOS-WL 1.0.0
2566-02-05 02:45:24,757 [INFO] ThirdParty:967 - CMSIS Pack Vendor :STMicroelectronics X-CUBE-EEPRMA1 4.1.0
2566-02-05 02:45:24,757 [INFO] ThirdParty:967 - CMSIS Pack Vendor :portGmbH I-Cube-SoM-uGOAL 1.1.0
2566-02-05 02:45:24,757 [INFO] ThirdParty:967 - CMSIS Pack Vendor :STMicroelectronics X-CUBE-ALS 1.0.1
2566-02-05 02:45:24,757 [INFO] ThirdParty:967 - CMSIS Pack Vendor :STMicroelectronics X-CUBE-AZRTOS-WB 1.1.0
2566-02-05 02:45:24,757 [INFO] ThirdParty:967 - CMSIS Pack Vendor :STMicroelectronics USB_DEVICE 1.0.0
2566-02-05 02:45:24,757 [INFO] ThirdParty:967 - CMSIS Pack Vendor :SEGGER I-CUBE-embOS 1.3.0
2566-02-05 02:45:24,757 [INFO] ThirdParty:967 - CMSIS Pack Vendor :STMicroelectronics ThreadX 0.0.2
2566-02-05 02:45:24,757 [INFO] ThirdParty:967 - CMSIS Pack Vendor :STMicroelectronics lwIP 2.1.2
2566-02-05 02:45:24,757 [INFO] ThirdParty:967 - CMSIS Pack Vendor :STMicroelectronics X-CUBE-SFXS2LP1 4.0.0
2566-02-05 02:45:24,757 [INFO] ThirdParty:967 - CMSIS Pack Vendor :STMicroelectronics X-CUBE-BLE2 3.3.0
2566-02-05 02:45:24,757 [INFO] ThirdParty:967 - CMSIS Pack Vendor :STMicroelectronics X-CUBE-DISPLAY 2.2.0
2566-02-05 02:45:24,757 [INFO] ThirdParty:967 - CMSIS Pack Vendor :STMicroelectronics X-CUBE-TOF1 3.2.0
2566-02-05 02:45:24,757 [INFO] ThirdParty:967 - CMSIS Pack Vendor :STMicroelectronics PDM2PCM 3.2.0
2566-02-05 02:45:24,757 [INFO] ThirdParty:967 - CMSIS Pack Vendor :STMicroelectronics X-CUBE-AZRTOS-H7 3.0.0
2566-02-05 02:45:24,758 [INFO] ThirdParty:787 - exiting critical section [change project]
2566-02-05 02:45:25,082 [INFO] PinOutPanel:1463 - setPackage(No Configuration,No Configuration)
2566-02-05 02:45:25,084 [INFO] PinOutPanel:1463 - setPackage(STM32F411RETx,LQFP64)
2566-02-05 02:45:25,523 [INFO] UtilMem:74 - Before build in PCC Used Memory: 564297184 Bytes (683671552)
2566-02-05 02:45:26,121 [INFO] UtilMem:74 - After build in PCC Used Memory: 531113472 Bytes (683671552)
2566-02-05 02:45:26,149 [INFO] IPUIPlugin:74 - create IPUIPlugin
2566-02-05 02:45:26,150 [INFO] IPUIPlugin:74 - create IPUIPlugin
2566-02-05 02:45:26,150 [INFO] IPUIPlugin:74 - create IPUIPlugin
2566-02-05 02:45:26,150 [INFO] IPUIPlugin:74 - create IPUIPlugin
2566-02-05 02:45:26,150 [INFO] IPUIPlugin:74 - create IPUIPlugin
2566-02-05 02:45:26,150 [INFO] IPUIPlugin:74 - create IPUIPlugin
2566-02-05 02:45:26,150 [INFO] IPUIPlugin:74 - create IPUIPlugin
2566-02-05 02:45:26,150 [INFO] IPUIPlugin:74 - create IPUIPlugin
2566-02-05 02:45:26,151 [INFO] IPUIPlugin:74 - create IPUIPlugin
2566-02-05 02:45:26,151 [INFO] IPUIPlugin:74 - create IPUIPlugin
2566-02-05 02:45:26,151 [INFO] IPUIPlugin:74 - create IPUIPlugin
2566-02-05 02:45:26,151 [INFO] IPUIPlugin:74 - create IPUIPlugin
2566-02-05 02:45:26,151 [INFO] IPUIPlugin:74 - create IPUIPlugin
2566-02-05 02:45:26,152 [INFO] IPUIPlugin:74 - create IPUIPlugin
2566-02-05 02:45:26,152 [INFO] IPUIPlugin:74 - create IPUIPlugin
2566-02-05 02:45:26,152 [INFO] IPUIPlugin:74 - create IPUIPlugin
2566-02-05 02:45:26,153 [INFO] IPUIPlugin:74 - create IPUIPlugin
2566-02-05 02:45:26,153 [INFO] IPUIPlugin:74 - create IPUIPlugin
2566-02-05 02:45:26,153 [INFO] IPUIPlugin:74 - create IPUIPlugin
2566-02-05 02:45:26,154 [INFO] IPUIPlugin:74 - create IPUIPlugin
2566-02-05 02:45:26,154 [INFO] IPUIPlugin:74 - create IPUIPlugin
2566-02-05 02:45:26,155 [INFO] IPUIPlugin:74 - create IPUIPlugin
2566-02-05 02:45:26,155 [INFO] IPUIPlugin:74 - create IPUIPlugin
2566-02-05 02:45:26,155 [INFO] IPUIPlugin:74 - create IPUIPlugin
2566-02-05 02:45:26,156 [INFO] IPUIPlugin:74 - create IPUIPlugin
2566-02-05 02:45:26,156 [INFO] IPUIPlugin:74 - create IPUIPlugin
2566-02-05 02:45:26,157 [INFO] IPUIPlugin:74 - create IPUIPlugin
2566-02-05 02:45:26,157 [INFO] IPUIPlugin:74 - create IPUIPlugin
2566-02-05 02:45:26,158 [INFO] IPUIPlugin:74 - create IPUIPlugin
2566-02-05 02:45:26,158 [INFO] IPUIPlugin:74 - create IPUIPlugin
2566-02-05 02:45:26,158 [INFO] IPUIPlugin:74 - create IPUIPlugin
2566-02-05 02:45:26,159 [INFO] IPUIPlugin:74 - create IPUIPlugin
2566-02-05 02:45:26,159 [INFO] IPUIPlugin:74 - create IPUIPlugin
2566-02-05 02:45:26,160 [INFO] IPUIPlugin:74 - create IPUIPlugin
2566-02-05 02:45:26,160 [INFO] IPUIPlugin:74 - create IPUIPlugin
2566-02-05 02:45:26,161 [INFO] IPUIPlugin:74 - create IPUIPlugin
2566-02-05 02:45:26,162 [INFO] IPUIPlugin:74 - create IPUIPlugin
2566-02-05 02:45:26,162 [INFO] IPUIPlugin:74 - create IPUIPlugin
2566-02-05 02:45:26,163 [INFO] IPUIPlugin:74 - create IPUIPlugin
2566-02-05 02:45:26,164 [INFO] IPUIPlugin:74 - create IPUIPlugin
2566-02-05 02:45:26,165 [INFO] IPUIPlugin:74 - create IPUIPlugin
2566-02-05 02:45:26,166 [INFO] IPUIPlugin:74 - create IPUIPlugin
2566-02-05 02:45:26,166 [INFO] IPUIPlugin:74 - create IPUIPlugin
2566-02-05 02:45:26,209 [INFO] ApiDbMcu:468 - Load IP Config File for PDM2PCM
2566-02-05 02:45:26,320 [INFO] OpenFileManager:333 - Restore cursor
2566-02-05 02:45:26,583 [INFO] UtilMem:74 - End SaveConfig() Used Memory: 569917400 Bytes (683671552)
2566-02-05 02:45:26,645 [INFO] UtilMem:74 - End SaveConfig() Used Memory: 588588408 Bytes (683671552)
2566-02-05 02:45:27,030 [INFO] BlockDiagram:2740 - set Specific Code input for plugin: NVIC
2566-02-05 02:45:27,030 [INFO] BlockDiagram:2740 - set Specific Code input for plugin: USART
2566-02-05 02:45:27,030 [INFO] BlockDiagram:2740 - set Specific Code input for plugin: SYS
2566-02-05 02:45:27,031 [INFO] BlockDiagram:2740 - set Specific Code input for plugin: GPIO
2566-02-05 02:45:27,031 [INFO] BlockDiagram:2740 - set Specific Code input for plugin: RCC
2566-02-05 02:45:27,032 [INFO] CodeGenerator:663 - code generatio: config db path: D:\ST\STM32CubeIDE_1.7.0\STM32CubeIDE\plugins\com.st.stm32cube.common.mx_6.3.0.202107141111\\db\
2566-02-05 02:45:27,450 [INFO] CodeEngine:239 - oldGeneratedFile, D:\git\LAB1_01\LAB1_GIT\LAB1_01\MXTmpFiles\license.tmp_save
2566-02-05 02:45:27,769 [INFO] CodeEngine:257 - Generated code: D:\git\LAB1_01\LAB1_GIT\LAB1_01\MXTmpFiles\license.tmp
2566-02-05 02:45:27,813 [INFO] CodeEngine:239 - oldGeneratedFile, D:\git\LAB1_01\LAB1_GIT\LAB1_01\MXTmpFiles\gpio.tmp_save
2566-02-05 02:45:27,920 [INFO] CodeEngine:257 - Generated code: D:\git\LAB1_01\LAB1_GIT\LAB1_01\MXTmpFiles\gpio.tmp
2566-02-05 02:45:28,000 [INFO] CodeEngine:239 - oldGeneratedFile, D:\git\LAB1_01\LAB1_GIT\LAB1_01\Core\Src\stm32f4xx_it.c_save
2566-02-05 02:45:28,164 [INFO] CodeEngine:257 - Generated code: D:\git\LAB1_01\LAB1_GIT\LAB1_01\Core\Src\stm32f4xx_it.c
2566-02-05 02:45:28,167 [INFO] CodeEngine:239 - oldGeneratedFile, D:\git\LAB1_01\LAB1_GIT\LAB1_01\Core\Inc\stm32f4xx_it.h_save
2566-02-05 02:45:28,248 [INFO] CodeEngine:257 - Generated code: D:\git\LAB1_01\LAB1_GIT\LAB1_01\Core\Inc\stm32f4xx_it.h
2566-02-05 02:45:28,274 [INFO] CodeEngine:239 - oldGeneratedFile, D:\git\LAB1_01\LAB1_GIT\LAB1_01\Core\Src\stm32f4xx_hal_msp.c_save
2566-02-05 02:45:28,404 [INFO] CodeEngine:257 - Generated code: D:\git\LAB1_01\LAB1_GIT\LAB1_01\Core\Src\stm32f4xx_hal_msp.c
2566-02-05 02:45:28,407 [INFO] CodeEngine:239 - oldGeneratedFile, D:\git\LAB1_01\LAB1_GIT\LAB1_01\MXTmpFiles\system.tmp_save
2566-02-05 02:45:28,474 [INFO] CodeEngine:257 - Generated code: D:\git\LAB1_01\LAB1_GIT\LAB1_01\MXTmpFiles\system.tmp
2566-02-05 02:45:28,481 [INFO] CodeEngine:239 - oldGeneratedFile, D:\git\LAB1_01\LAB1_GIT\LAB1_01\Core\Inc\stm32f4xx_hal_conf.h_save
2566-02-05 02:45:28,581 [INFO] CodeEngine:257 - Generated code: D:\git\LAB1_01\LAB1_GIT\LAB1_01\Core\Inc\stm32f4xx_hal_conf.h
2566-02-05 02:45:28,641 [INFO] CodeEngine:239 - oldGeneratedFile, D:\git\LAB1_01\LAB1_GIT\LAB1_01\Core\Inc\main.h_save
2566-02-05 02:45:28,725 [INFO] CodeEngine:257 - Generated code: D:\git\LAB1_01\LAB1_GIT\LAB1_01\Core\Inc\main.h
2566-02-05 02:45:28,728 [INFO] CodeEngine:239 - oldGeneratedFile, D:\git\LAB1_01\LAB1_GIT\LAB1_01\Core\Src\main.c_save
2566-02-05 02:45:28,871 [INFO] CodeEngine:257 - Generated code: D:\git\LAB1_01\LAB1_GIT\LAB1_01\Core\Src\main.c
2566-02-05 02:45:29,980 [INFO] ProjectBuilder:2578 - Time for Copy HAL[1] : 221mS.
2566-02-05 02:45:29,988 [INFO] ProjectBuilder:3622 - Project Generator version: 3.14.1
2566-02-05 02:45:30,545 [INFO] ConfigFileManager:1271 - The Die is : DIE431
2566-02-05 02:45:30,560 [INFO] ApiDbMcu:468 - Load IP Config File for FATFS
2566-02-05 02:45:30,597 [INFO] ApiDbMcu:468 - Load IP Config File for FREERTOS
2566-02-05 02:45:30,602 [INFO] ApiDbMcu:468 - Load IP Config File for LIBJPEG
2566-02-05 02:45:30,652 [INFO] ApiDbMcu:468 - Load IP Config File for MBEDTLS
2566-02-05 02:45:30,691 [INFO] ApiDbMcu:468 - Load IP Config File for USB_DEVICE
2566-02-05 02:45:30,703 [INFO] ApiDbMcu:468 - Load IP Config File for USB_HOST
2566-02-05 02:45:33,641 [INFO] ProjectBuilder:3789 - Time for Generating toolchain IDE Files: 3653mS.
2566-02-05 02:45:33,641 [INFO] ProjectBuilder:2457 - Time for Copy CMSIS : 0mS.
2566-02-05 02:45:33,644 [INFO] ProjectBuilder:2457 - Time for Copy CMSIS : 0mS.
2566-02-05 02:45:34,505 [INFO] McuFinderGlobals:52 - Set McuFinderConnectedMode to true
2566-02-05 02:45:34,507 [INFO] ApiDb:276 - Save user favorites file C:\Users\uSEr/.stm32cubeide/favorites.mcus.txt: 0 item(s)
2566-02-05 02:45:34,507 [INFO] ApiDb:280 - User favorites MCUs=[]
2566-02-05 02:45:34,508 [INFO] ApiDb:276 - Save user favorites file C:\Users\uSEr/.stm32cubeide/favorites.boards.txt: 1 item(s)
2566-02-05 02:45:34,509 [INFO] ApiDb:280 - User favorites Boards=[NUCLEO-F411RE]
2566-02-05 02:46:56,742 [INFO] Gpio:254 - dependency for GPIO [RCC, SYS, USART2]
2566-02-05 02:48:09,072 [INFO] UtilMem:74 - End SaveConfig() Used Memory: 769765704 Bytes (882900992)
2566-02-05 02:48:11,225 [INFO] UtilMem:74 - End SaveConfig() Used Memory: 709644272 Bytes (882900992)
2566-02-05 02:48:11,524 [INFO] BlockDiagram:2740 - set Specific Code input for plugin: NVIC
2566-02-05 02:48:11,524 [INFO] BlockDiagram:2740 - set Specific Code input for plugin: USART
2566-02-05 02:48:11,524 [INFO] BlockDiagram:2740 - set Specific Code input for plugin: SYS
2566-02-05 02:48:11,525 [INFO] BlockDiagram:2740 - set Specific Code input for plugin: GPIO
2566-02-05 02:48:11,525 [INFO] BlockDiagram:2740 - set Specific Code input for plugin: RCC
2566-02-05 02:48:11,526 [INFO] CodeGenerator:663 - code generatio: config db path: D:\ST\STM32CubeIDE_1.7.0\STM32CubeIDE\plugins\com.st.stm32cube.common.mx_6.3.0.202107141111\\db\
2566-02-05 02:48:11,889 [INFO] CodeEngine:239 - oldGeneratedFile, D:\git\LAB1_01\LAB1_GIT\LAB1_01\MXTmpFiles\license.tmp_save
2566-02-05 02:48:11,952 [INFO] CodeEngine:257 - Generated code: D:\git\LAB1_01\LAB1_GIT\LAB1_01\MXTmpFiles\license.tmp
2566-02-05 02:48:11,989 [INFO] CodeEngine:239 - oldGeneratedFile, D:\git\LAB1_01\LAB1_GIT\LAB1_01\MXTmpFiles\gpio.tmp_save
2566-02-05 02:48:12,083 [INFO] CodeEngine:257 - Generated code: D:\git\LAB1_01\LAB1_GIT\LAB1_01\MXTmpFiles\gpio.tmp
2566-02-05 02:48:12,228 [INFO] CodeEngine:239 - oldGeneratedFile, D:\git\LAB1_01\LAB1_GIT\LAB1_01\Core\Src\stm32f4xx_it.c_save
2566-02-05 02:48:12,316 [INFO] CodeEngine:257 - Generated code: D:\git\LAB1_01\LAB1_GIT\LAB1_01\Core\Src\stm32f4xx_it.c
2566-02-05 02:48:12,326 [INFO] CodeEngine:239 - oldGeneratedFile, D:\git\LAB1_01\LAB1_GIT\LAB1_01\Core\Inc\stm32f4xx_it.h_save
2566-02-05 02:48:12,396 [INFO] CodeEngine:257 - Generated code: D:\git\LAB1_01\LAB1_GIT\LAB1_01\Core\Inc\stm32f4xx_it.h
2566-02-05 02:48:12,411 [INFO] CodeEngine:239 - oldGeneratedFile, D:\git\LAB1_01\LAB1_GIT\LAB1_01\Core\Src\stm32f4xx_hal_msp.c_save
2566-02-05 02:48:12,520 [INFO] CodeEngine:257 - Generated code: D:\git\LAB1_01\LAB1_GIT\LAB1_01\Core\Src\stm32f4xx_hal_msp.c
2566-02-05 02:48:12,524 [INFO] CodeEngine:239 - oldGeneratedFile, D:\git\LAB1_01\LAB1_GIT\LAB1_01\MXTmpFiles\system.tmp_save
2566-02-05 02:48:12,585 [INFO] CodeEngine:257 - Generated code: D:\git\LAB1_01\LAB1_GIT\LAB1_01\MXTmpFiles\system.tmp
2566-02-05 02:48:12,597 [INFO] CodeEngine:239 - oldGeneratedFile, D:\git\LAB1_01\LAB1_GIT\LAB1_01\Core\Inc\stm32f4xx_hal_conf.h_save
2566-02-05 02:48:12,705 [INFO] CodeEngine:257 - Generated code: D:\git\LAB1_01\LAB1_GIT\LAB1_01\Core\Inc\stm32f4xx_hal_conf.h
2566-02-05 02:48:12,757 [INFO] CodeEngine:239 - oldGeneratedFile, D:\git\LAB1_01\LAB1_GIT\LAB1_01\Core\Inc\main.h_save
2566-02-05 02:48:12,838 [INFO] CodeEngine:257 - Generated code: D:\git\LAB1_01\LAB1_GIT\LAB1_01\Core\Inc\main.h
2566-02-05 02:48:12,847 [INFO] CodeEngine:239 - oldGeneratedFile, D:\git\LAB1_01\LAB1_GIT\LAB1_01\Core\Src\main.c_save
2566-02-05 02:48:12,983 [INFO] CodeEngine:257 - Generated code: D:\git\LAB1_01\LAB1_GIT\LAB1_01\Core\Src\main.c
2566-02-05 02:48:13,973 [INFO] ProjectBuilder:2578 - Time for Copy HAL[1] : 169mS.
2566-02-05 02:48:13,977 [INFO] ProjectBuilder:3622 - Project Generator version: 3.14.1
2566-02-05 02:48:14,465 [INFO] ConfigFileManager:1271 - The Die is : DIE431
2566-02-05 02:48:16,278 [INFO] ProjectBuilder:3789 - Time for Generating toolchain IDE Files: 2301mS.
2566-02-05 02:48:16,279 [INFO] ProjectBuilder:2457 - Time for Copy CMSIS : 0mS.
2566-02-05 02:48:16,281 [INFO] ProjectBuilder:2457 - Time for Copy CMSIS : 0mS.
